Using pre-set license
Built from '2021.3/staging' branch; Version is '2021.3.8f1 (b30333d56e81) revision 11731763'; Using compiler version '192829333'; Build Type 'Release'
OS: 'Windows 10  (10.0.19044) 64bit Professional' Language: 'en' Physical Memory: 16249 MB
BatchMode: 1, IsHumanControllingUs: 0, StartBugReporterOnCrash: 0, Is64bit: 1, IsPro: 1

COMMAND LINE ARGUMENTS:
C:\Program Files\Unity\Hub\Editor\2021.3.8f1\Editor\Unity.exe
-adb2
-batchMode
-noUpm
-name
AssetImportWorker1
-projectPath
C:/Users/Bristol Culture/Documents/Github Repos/My Car Configurator
-logFile
Logs/AssetImportWorker1.log
-srvPort
50324
Successfully changed project path to: C:/Users/Bristol Culture/Documents/Github Repos/My Car Configurator
C:/Users/Bristol Culture/Documents/Github Repos/My Car Configurator
[UnityMemory] Configuration Parameters - Can be set up in boot.config
    "memorysetup-bucket-allocator-granularity=16"
    "memorysetup-bucket-allocator-bucket-count=8"
    "memorysetup-bucket-allocator-block-size=33554432"
    "memorysetup-bucket-allocator-block-count=8"
    "memorysetup-main-allocator-block-size=16777216"
    "memorysetup-thread-allocator-block-size=16777216"
    "memorysetup-gfx-main-allocator-block-size=16777216"
    "memorysetup-gfx-thread-allocator-block-size=16777216"
    "memorysetup-cache-allocator-block-size=4194304"
    "memorysetup-typetree-allocator-block-size=2097152"
    "memorysetup-profiler-bucket-allocator-granularity=16"
    "memorysetup-profiler-bucket-allocator-bucket-count=8"
    "memorysetup-profiler-bucket-allocator-block-size=33554432"
    "memorysetup-profiler-bucket-allocator-block-count=8"
    "memorysetup-profiler-allocator-block-size=16777216"
    "memorysetup-profiler-editor-allocator-block-size=1048576"
    "memorysetup-temp-allocator-size-main=16777216"
    "memorysetup-job-temp-allocator-block-size=2097152"
    "memorysetup-job-temp-allocator-block-size-background=1048576"
    "memorysetup-job-temp-allocator-reduction-small-platforms=262144"
    "memorysetup-temp-allocator-size-background-worker=32768"
    "memorysetup-temp-allocator-size-job-worker=262144"
    "memorysetup-temp-allocator-size-preload-manager=33554432"
    "memorysetup-temp-allocator-size-nav-mesh-worker=65536"
    "memorysetup-temp-allocator-size-audio-worker=65536"
    "memorysetup-temp-allocator-size-cloud-worker=32768"
    "memorysetup-temp-allocator-size-gi-baking-worker=262144"
    "memorysetup-temp-allocator-size-gfx=262144"
Refreshing native plugins compatible for Editor in 258.63 ms, found 4 plugins.
Preloading 0 native plugins for Editor in 0.00 ms.
Initialize engine version: 2021.3.8f1 (b30333d56e81)
[Subsystems] Discovering subsystems at path C:/Program Files/Unity/Hub/Editor/2021.3.8f1/Editor/Data/Resources/UnitySubsystems
[Subsystems] Discovering subsystems at path C:/Users/Bristol Culture/Documents/Github Repos/My Car Configurator/Assets
GfxDevice: creating device client; threaded=0; jobified=0
Direct3D:
    Version:  Direct3D 11.0 [level 11.1]
    Renderer: Intel(R) UHD Graphics 620 (ID=0x5917)
    Vendor:   Intel
    VRAM:     8124 MB
    Driver:   27.20.100.9664
Initialize mono
Mono path[0] = 'C:/Program Files/Unity/Hub/Editor/2021.3.8f1/Editor/Data/Managed'
Mono path[1] = 'C:/Program Files/Unity/Hub/Editor/2021.3.8f1/Editor/Data/MonoBleedingEdge/lib/mono/unityjit-win32'
Mono config path = 'C:/Program Files/Unity/Hub/Editor/2021.3.8f1/Editor/Data/MonoBleedingEdge/etc'
Using monoOptions --debugger-agent=transport=dt_socket,embedding=1,server=y,suspend=n,address=127.0.0.1:56168
Begin MonoManager ReloadAssembly
Registering precompiled unity dll's ...
Register platform support module: C:/Program Files/Unity/Hub/Editor/2021.3.8f1/Editor/Data/PlaybackEngines/WebGLSupport/UnityEditor.WebGL.Extensions.dll
Register platform support module: C:/Program Files/Unity/Hub/Editor/2021.3.8f1/Editor/Data/PlaybackEngines/WindowsStandaloneSupport/UnityEditor.WindowsStandalone.Extensions.dll
Registered in 0.024212 seconds.
Native extension for WindowsStandalone target not found
Native extension for WebGL target not found
Refreshing native plugins compatible for Editor in 269.02 ms, found 4 plugins.
Preloading 0 native plugins for Editor in 0.00 ms.
Mono: successfully reloaded assembly
- Completed reload, in  1.879 seconds
Domain Reload Profiling:
	ReloadAssembly (1880ms)
		BeginReloadAssembly (259ms)
			ExecutionOrderSort (0ms)
			DisableScriptedObjects (0ms)
			BackupInstance (0ms)
			ReleaseScriptingObjects (0ms)
			CreateAndSetChildDomain (3ms)
		EndReloadAssembly (1304ms)
			LoadAssemblies (249ms)
			RebuildTransferFunctionScriptingTraits (0ms)
			SetupTypeCache (291ms)
			ReleaseScriptCaches (0ms)
			RebuildScriptCaches (74ms)
			SetupLoadedEditorAssemblies (805ms)
				LogAssemblyErrors (0ms)
				InitializePlatformSupportModulesInManaged (26ms)
				SetLoadedEditorAssemblies (1ms)
				RefreshPlugins (269ms)
				BeforeProcessingInitializeOnLoad (3ms)
				ProcessInitializeOnLoadAttributes (388ms)
				ProcessInitializeOnLoadMethodAttributes (117ms)
				AfterProcessingInitializeOnLoad (0ms)
				EditorAssembliesLoaded (0ms)
			ExecutionOrderSort2 (0ms)
			AwakeInstancesAfterBackupRestoration (0ms)
Platform modules already initialized, skipping
Registering precompiled user dll's ...
Registered in 0.023999 seconds.
Begin MonoManager ReloadAssembly
Symbol file LoadedFromMemory doesn't match image C:\Users\Bristol Culture\Documents\Github Repos\My Car Configurator\Library\PackageCache\com.unity.visualscripting@1.7.8\Editor\VisualScripting.Core\Dependencies\YamlDotNet\Unity.VisualScripting.YamlDotNet.dll
Symbol file LoadedFromMemory doesn't match image C:\Users\Bristol Culture\Documents\Github Repos\My Car Configurator\Library\PackageCache\com.unity.visualscripting@1.7.8\Editor\VisualScripting.Core\Dependencies\DotNetZip\Unity.VisualScripting.IonicZip.dll
Native extension for WindowsStandalone target not found
Native extension for WebGL target not found
Refreshing native plugins compatible for Editor in 243.10 ms, found 4 plugins.
Preloading 0 native plugins for Editor in 0.00 ms.
Mono: successfully reloaded assembly
- Completed reload, in  3.243 seconds
Domain Reload Profiling:
	ReloadAssembly (3245ms)
		BeginReloadAssembly (302ms)
			ExecutionOrderSort (0ms)
			DisableScriptedObjects (15ms)
			BackupInstance (0ms)
			ReleaseScriptingObjects (0ms)
			CreateAndSetChildDomain (46ms)
		EndReloadAssembly (2546ms)
			LoadAssemblies (258ms)
			RebuildTransferFunctionScriptingTraits (0ms)
			SetupTypeCache (673ms)
			ReleaseScriptCaches (1ms)
			RebuildScriptCaches (150ms)
			SetupLoadedEditorAssemblies (1342ms)
				LogAssemblyErrors (0ms)
				InitializePlatformSupportModulesInManaged (16ms)
				SetLoadedEditorAssemblies (1ms)
				RefreshPlugins (243ms)
				BeforeProcessingInitializeOnLoad (276ms)
				ProcessInitializeOnLoadAttributes (661ms)
				ProcessInitializeOnLoadMethodAttributes (118ms)
				AfterProcessingInitializeOnLoad (27ms)
				EditorAssembliesLoaded (0ms)
			ExecutionOrderSort2 (0ms)
			AwakeInstancesAfterBackupRestoration (18ms)
Platform modules already initialized, skipping
========================================================================
Worker process is ready to serve import requests
Launched and connected shader compiler UnityShaderCompiler.exe after 0.10 seconds
Refreshing native plugins compatible for Editor in 2.26 ms, found 4 plugins.
Preloading 0 native plugins for Editor in 0.00 ms.
Unloading 4066 Unused Serialized files (Serialized files now loaded: 0)
Unloading 44 unused Assets / (222.9 KB). Loaded Objects now: 4516.
Memory consumption went from 151.3 MB to 151.0 MB.
Total: 8.026100 ms (FindLiveObjects: 0.726800 ms CreateObjectMapping: 0.640300 ms MarkObjects: 6.355400 ms  DeleteObjects: 0.301600 ms)

AssetImportParameters requested are different than current active one (requested -> active):
  custom:video-decoder-ogg-theora: a1e56fd34408186e4bbccfd4996cb3dc -> 
  custom:container-muxer-webm: aa71ff27fc2769a1b78a27578f13a17b -> 
  custom:container-demuxer-webm: 4f35f7cbe854078d1ac9338744f61a02 -> 
  custom:video-encoder-webm-vp8: eb34c28f22e8b96e1ab97ce403110664 -> 
  custom:audio-encoder-webm-vorbis: bf7c407c2cedff20999df2af8eb42d56 -> 
  custom:framework-win-MediaFoundation: 216162199b28c13a410421893ffa2e32 -> 
  custom:container-demuxer-ogg: 62fdf1f143b41e24485cea50d1cbac27 -> 
  custom:video-decoder-webm-vp8: 9c59270c3fd7afecdb556c50c9e8de78 -> 
  custom:audio-decoder-ogg-vorbis: bf7c407c2cedff20999df2af8eb42d56 -> 
========================================================================
Received Import Request.
  Time since last request: 5416.375477 seconds.
  path: Assets/VOiD1 Gaming - Pixel Cars
  artifactKey: Guid(1511757856729ae41be86d06ae2b1801) Importer(815301076,1909f56bfc062723c751e8b465ee728b)
Start importing Assets/VOiD1 Gaming - Pixel Cars using Guid(1511757856729ae41be86d06ae2b1801) Importer(815301076,1909f56bfc062723c751e8b465ee728b)  -> (artifact id: '41fca6629217fcb8666d6e67de3efa74') in 0.023958 seconds 
========================================================================
Received Import Request.
  Time since last request: 0.000046 seconds.
  path: Assets/VOiD1 Gaming - Pixel Cars/Pixel Cars/Ranger Open.png
  artifactKey: Guid(12f8e6af6fe412d48b0b7208b04a5ce6) Importer(815301076,1909f56bfc062723c751e8b465ee728b)
Start importing Assets/VOiD1 Gaming - Pixel Cars/Pixel Cars/Ranger Open.png using Guid(12f8e6af6fe412d48b0b7208b04a5ce6) Importer(815301076,1909f56bfc062723c751e8b465ee728b)  -> (artifact id: '01ff835bb85dcdacc57240168f343a2f') in 0.341488 seconds 
========================================================================
Received Import Request.
  Time since last request: 0.000055 seconds.
  path: Assets/VOiD1 Gaming - Pixel Cars/Pixel Cars/Large Pickup van.png
  artifactKey: Guid(d047ea82b39ef64408a0bea3d576ab2f) Importer(815301076,1909f56bfc062723c751e8b465ee728b)
Start importing Assets/VOiD1 Gaming - Pixel Cars/Pixel Cars/Large Pickup van.png using Guid(d047ea82b39ef64408a0bea3d576ab2f) Importer(815301076,1909f56bfc062723c751e8b465ee728b)  -> (artifact id: 'c793dbc07b4da9bf80457f280aa42260') in 0.046692 seconds 
========================================================================
Received Import Request.
  Time since last request: 0.000054 seconds.
  path: Assets/VOiD1 Gaming - Pixel Cars/Pixel Cars/Convertible open.png
  artifactKey: Guid(a0c0698fc807b3944bda8dd9c23a6e4f) Importer(815301076,1909f56bfc062723c751e8b465ee728b)
Start importing Assets/VOiD1 Gaming - Pixel Cars/Pixel Cars/Convertible open.png using Guid(a0c0698fc807b3944bda8dd9c23a6e4f) Importer(815301076,1909f56bfc062723c751e8b465ee728b)  -> (artifact id: '9f319682cdae17e32512158435a0e4b0') in 0.043785 seconds 
========================================================================
Received Import Request.
  Time since last request: 0.000047 seconds.
  path: Assets/VOiD1 Gaming - Pixel Cars/Pixel Cars/Ranger.png
  artifactKey: Guid(261a501498e3fc549b605aa66e5fa18d) Importer(815301076,1909f56bfc062723c751e8b465ee728b)
Start importing Assets/VOiD1 Gaming - Pixel Cars/Pixel Cars/Ranger.png using Guid(261a501498e3fc549b605aa66e5fa18d) Importer(815301076,1909f56bfc062723c751e8b465ee728b)  -> (artifact id: 'b306f72d8bd0b7ace0b90b4c786be40e') in 0.047280 seconds 
========================================================================
Received Import Request.
  Time since last request: 0.000046 seconds.
  path: Assets/VOiD1 Gaming - Pixel Cars/Pixel Cars
  artifactKey: Guid(3b41f0da34861ad45834facd2056b0b1) Importer(815301076,1909f56bfc062723c751e8b465ee728b)
Start importing Assets/VOiD1 Gaming - Pixel Cars/Pixel Cars using Guid(3b41f0da34861ad45834facd2056b0b1) Importer(815301076,1909f56bfc062723c751e8b465ee728b)  -> (artifact id: '4ae02b927fcc6fe80a8b7aae30fc86ed') in 0.016824 seconds 
========================================================================
Received Import Request.
  Time since last request: 0.000058 seconds.
  path: Assets/VOiD1 Gaming - Pixel Cars/Pixel Cars/Racing Car.png
  artifactKey: Guid(64f9d23b08b0cb7418b03462a4b0d39c) Importer(815301076,1909f56bfc062723c751e8b465ee728b)
Start importing Assets/VOiD1 Gaming - Pixel Cars/Pixel Cars/Racing Car.png using Guid(64f9d23b08b0cb7418b03462a4b0d39c) Importer(815301076,1909f56bfc062723c751e8b465ee728b)  -> (artifact id: '729f6fdcc39af972bc48a5329852fb1c') in 0.043845 seconds 
========================================================================
Received Import Request.
  Time since last request: 0.000054 seconds.
  path: Assets/VOiD1 Gaming - Pixel Cars/Pixel Cars/Jeep Close.png
  artifactKey: Guid(b2bc6f31e56269947a1ee8a25ac53e7a) Importer(815301076,1909f56bfc062723c751e8b465ee728b)
Start importing Assets/VOiD1 Gaming - Pixel Cars/Pixel Cars/Jeep Close.png using Guid(b2bc6f31e56269947a1ee8a25ac53e7a) Importer(815301076,1909f56bfc062723c751e8b465ee728b)  -> (artifact id: '46479b991443a81d9728427491b4f5ff') in 0.043347 seconds 
========================================================================
Received Import Request.
  Time since last request: 0.000077 seconds.
  path: Assets/VOiD1 Gaming - Pixel Cars/Pixel Cars/Van.png
  artifactKey: Guid(5433450725995b24ba1208ffac4594bf) Importer(815301076,1909f56bfc062723c751e8b465ee728b)
Start importing Assets/VOiD1 Gaming - Pixel Cars/Pixel Cars/Van.png using Guid(5433450725995b24ba1208ffac4594bf) Importer(815301076,1909f56bfc062723c751e8b465ee728b)  -> (artifact id: 'ea3718a6f6b799f1ab1fb92aa3ba5db4') in 0.039705 seconds 
========================================================================
Received Prepare
Registering precompiled user dll's ...
Registered in 0.023399 seconds.
Begin MonoManager ReloadAssembly
Symbol file LoadedFromMemory doesn't match image C:\Users\Bristol Culture\Documents\Github Repos\My Car Configurator\Library\PackageCache\com.unity.visualscripting@1.7.8\Editor\VisualScripting.Core\Dependencies\YamlDotNet\Unity.VisualScripting.YamlDotNet.dll
Symbol file LoadedFromMemory doesn't match image C:\Users\Bristol Culture\Documents\Github Repos\My Car Configurator\Library\PackageCache\com.unity.visualscripting@1.7.8\Editor\VisualScripting.Core\Dependencies\DotNetZip\Unity.VisualScripting.IonicZip.dll
Native extension for WindowsStandalone target not found
Native extension for WebGL target not found
Refreshing native plugins compatible for Editor in 1.94 ms, found 4 plugins.
Preloading 0 native plugins for Editor in 0.00 ms.
Mono: successfully reloaded assembly
- Completed reload, in  3.466 seconds
Domain Reload Profiling:
	ReloadAssembly (3467ms)
		BeginReloadAssembly (354ms)
			ExecutionOrderSort (0ms)
			DisableScriptedObjects (31ms)
			BackupInstance (0ms)
			ReleaseScriptingObjects (0ms)
			CreateAndSetChildDomain (100ms)
		EndReloadAssembly (2771ms)
			LoadAssemblies (250ms)
			RebuildTransferFunctionScriptingTraits (0ms)
			SetupTypeCache (882ms)
			ReleaseScriptCaches (3ms)
			RebuildScriptCaches (176ms)
			SetupLoadedEditorAssemblies (1245ms)
				LogAssemblyErrors (0ms)
				InitializePlatformSupportModulesInManaged (50ms)
				SetLoadedEditorAssemblies (2ms)
				RefreshPlugins (2ms)
				BeforeProcessingInitializeOnLoad (291ms)
				ProcessInitializeOnLoadAttributes (741ms)
				ProcessInitializeOnLoadMethodAttributes (131ms)
				AfterProcessingInitializeOnLoad (28ms)
				EditorAssembliesLoaded (0ms)
			ExecutionOrderSort2 (0ms)
			AwakeInstancesAfterBackupRestoration (26ms)
Platform modules already initialized, skipping
Refreshing native plugins compatible for Editor in 6.31 ms, found 4 plugins.
Preloading 0 native plugins for Editor in 0.00 ms.
Unloading 4061 Unused Serialized files (Serialized files now loaded: 0)
Unloading 31 unused Assets / (190.0 KB). Loaded Objects now: 4525.
Memory consumption went from 155.6 MB to 155.4 MB.
Total: 8.843200 ms (FindLiveObjects: 0.551500 ms CreateObjectMapping: 0.570500 ms MarkObjects: 7.375900 ms  DeleteObjects: 0.343100 ms)

AssetImportParameters requested are different than current active one (requested -> active):
  custom:video-decoder-ogg-theora: a1e56fd34408186e4bbccfd4996cb3dc -> 
  custom:container-muxer-webm: aa71ff27fc2769a1b78a27578f13a17b -> 
  custom:container-demuxer-webm: 4f35f7cbe854078d1ac9338744f61a02 -> 
  custom:video-encoder-webm-vp8: eb34c28f22e8b96e1ab97ce403110664 -> 
  custom:audio-encoder-webm-vorbis: bf7c407c2cedff20999df2af8eb42d56 -> 
  custom:framework-win-MediaFoundation: 216162199b28c13a410421893ffa2e32 -> 
  custom:container-demuxer-ogg: 62fdf1f143b41e24485cea50d1cbac27 -> 
  custom:video-decoder-webm-vp8: 9c59270c3fd7afecdb556c50c9e8de78 -> 
  custom:audio-decoder-ogg-vorbis: bf7c407c2cedff20999df2af8eb42d56 -> 
========================================================================
Received Prepare
Registering precompiled user dll's ...
Registered in 0.025355 seconds.
Begin MonoManager ReloadAssembly
Symbol file LoadedFromMemory doesn't match image C:\Users\Bristol Culture\Documents\Github Repos\My Car Configurator\Library\PackageCache\com.unity.visualscripting@1.7.8\Editor\VisualScripting.Core\Dependencies\YamlDotNet\Unity.VisualScripting.YamlDotNet.dll
Symbol file LoadedFromMemory doesn't match image C:\Users\Bristol Culture\Documents\Github Repos\My Car Configurator\Library\PackageCache\com.unity.visualscripting@1.7.8\Editor\VisualScripting.Core\Dependencies\DotNetZip\Unity.VisualScripting.IonicZip.dll
Native extension for WindowsStandalone target not found
Native extension for WebGL target not found
Refreshing native plugins compatible for Editor in 1.85 ms, found 4 plugins.
Preloading 0 native plugins for Editor in 0.00 ms.
Mono: successfully reloaded assembly
- Completed reload, in  3.024 seconds
Domain Reload Profiling:
	ReloadAssembly (3026ms)
		BeginReloadAssembly (340ms)
			ExecutionOrderSort (0ms)
			DisableScriptedObjects (18ms)
			BackupInstance (0ms)
			ReleaseScriptingObjects (0ms)
			CreateAndSetChildDomain (87ms)
		EndReloadAssembly (2392ms)
			LoadAssemblies (250ms)
			RebuildTransferFunctionScriptingTraits (0ms)
			SetupTypeCache (699ms)
			ReleaseScriptCaches (3ms)
			RebuildScriptCaches (121ms)
			SetupLoadedEditorAssemblies (1198ms)
				LogAssemblyErrors (0ms)
				InitializePlatformSupportModulesInManaged (45ms)
				SetLoadedEditorAssemblies (1ms)
				RefreshPlugins (2ms)
				BeforeProcessingInitializeOnLoad (250ms)
				ProcessInitializeOnLoadAttributes (733ms)
				ProcessInitializeOnLoadMethodAttributes (136ms)
				AfterProcessingInitializeOnLoad (30ms)
				EditorAssembliesLoaded (0ms)
			ExecutionOrderSort2 (0ms)
			AwakeInstancesAfterBackupRestoration (25ms)
Platform modules already initialized, skipping
Refreshing native plugins compatible for Editor in 6.02 ms, found 4 plugins.
Preloading 0 native plugins for Editor in 0.00 ms.
Unloading 4063 Unused Serialized files (Serialized files now loaded: 0)
Unloading 31 unused Assets / (190.1 KB). Loaded Objects now: 4530.
Memory consumption went from 155.7 MB to 155.5 MB.
Total: 9.747300 ms (FindLiveObjects: 0.509800 ms CreateObjectMapping: 0.398300 ms MarkObjects: 8.407200 ms  DeleteObjects: 0.429600 ms)

AssetImportParameters requested are different than current active one (requested -> active):
  custom:video-decoder-ogg-theora: a1e56fd34408186e4bbccfd4996cb3dc -> 
  custom:container-muxer-webm: aa71ff27fc2769a1b78a27578f13a17b -> 
  custom:container-demuxer-webm: 4f35f7cbe854078d1ac9338744f61a02 -> 
  custom:video-encoder-webm-vp8: eb34c28f22e8b96e1ab97ce403110664 -> 
  custom:audio-encoder-webm-vorbis: bf7c407c2cedff20999df2af8eb42d56 -> 
  custom:framework-win-MediaFoundation: 216162199b28c13a410421893ffa2e32 -> 
  custom:container-demuxer-ogg: 62fdf1f143b41e24485cea50d1cbac27 -> 
  custom:video-decoder-webm-vp8: 9c59270c3fd7afecdb556c50c9e8de78 -> 
  custom:audio-decoder-ogg-vorbis: bf7c407c2cedff20999df2af8eb42d56 -> 
========================================================================
Received Import Request.
  Time since last request: 207.366270 seconds.
  path: Assets/VOiD1 Gaming - Pixel Cars/Pixel Cars/Caravan.png
  artifactKey: Guid(d77a2e37ccf1d3548b6948458a3f0ef6) Importer(815301076,1909f56bfc062723c751e8b465ee728b)
Start importing Assets/VOiD1 Gaming - Pixel Cars/Pixel Cars/Caravan.png using Guid(d77a2e37ccf1d3548b6948458a3f0ef6) Importer(815301076,1909f56bfc062723c751e8b465ee728b)  -> (artifact id: '1aea18b7a8fc36410bdc1f03cc8c86cc') in 0.142432 seconds 
========================================================================
Received Import Request.
  Time since last request: 0.000054 seconds.
  path: Assets/VOiD1 Gaming - Pixel Cars/Pixel Cars/Ranger Open.png
  artifactKey: Guid(12f8e6af6fe412d48b0b7208b04a5ce6) Importer(815301076,1909f56bfc062723c751e8b465ee728b)
Start importing Assets/VOiD1 Gaming - Pixel Cars/Pixel Cars/Ranger Open.png using Guid(12f8e6af6fe412d48b0b7208b04a5ce6) Importer(815301076,1909f56bfc062723c751e8b465ee728b)  -> (artifact id: 'dc2600cf49500f5e9a797d26864e5f88') in 0.034160 seconds 
========================================================================
Received Import Request.
  Time since last request: 0.000065 seconds.
  path: Assets/VOiD1 Gaming - Pixel Cars/Pixel Cars/Classic.png
  artifactKey: Guid(30dff9215ed374c42bc5284c870ac976) Importer(815301076,1909f56bfc062723c751e8b465ee728b)
Start importing Assets/VOiD1 Gaming - Pixel Cars/Pixel Cars/Classic.png using Guid(30dff9215ed374c42bc5284c870ac976) Importer(815301076,1909f56bfc062723c751e8b465ee728b)  -> (artifact id: '665214d70dc3e99986ac7d2434747c5c') in 0.036123 seconds 
========================================================================
Received Import Request.
  Time since last request: 0.000043 seconds.
  path: Assets/VOiD1 Gaming - Pixel Cars/Pixel Cars/Convertible open.png
  artifactKey: Guid(a0c0698fc807b3944bda8dd9c23a6e4f) Importer(815301076,1909f56bfc062723c751e8b465ee728b)
Start importing Assets/VOiD1 Gaming - Pixel Cars/Pixel Cars/Convertible open.png using Guid(a0c0698fc807b3944bda8dd9c23a6e4f) Importer(815301076,1909f56bfc062723c751e8b465ee728b)  -> (artifact id: 'ff1b92d2a2bc5ec1304b64892edaa9a2') in 0.041003 seconds 
========================================================================
Received Import Request.
  Time since last request: 0.000066 seconds.
  path: Assets/VOiD1 Gaming - Pixel Cars/Pixel Cars/Low Rider Close.png
  artifactKey: Guid(886ca4ce71c1b524db85514120d032b2) Importer(815301076,1909f56bfc062723c751e8b465ee728b)
Start importing Assets/VOiD1 Gaming - Pixel Cars/Pixel Cars/Low Rider Close.png using Guid(886ca4ce71c1b524db85514120d032b2) Importer(815301076,1909f56bfc062723c751e8b465ee728b)  -> (artifact id: '3489bd05a54d65f1d60e4e4cb6ef0e7f') in 0.040026 seconds 
========================================================================
Received Import Request.
  Time since last request: 0.000078 seconds.
  path: Assets/VOiD1 Gaming - Pixel Cars/Pixel Cars/Low Rider Open.png
  artifactKey: Guid(04d673b04dcbaf64d96680dfb3637f9a) Importer(815301076,1909f56bfc062723c751e8b465ee728b)
Start importing Assets/VOiD1 Gaming - Pixel Cars/Pixel Cars/Low Rider Open.png using Guid(04d673b04dcbaf64d96680dfb3637f9a) Importer(815301076,1909f56bfc062723c751e8b465ee728b)  -> (artifact id: '8da11e2df39a5905f420561284cb1353') in 0.030545 seconds 
========================================================================
Received Import Request.
  Time since last request: 0.000073 seconds.
  path: Assets/VOiD1 Gaming - Pixel Cars/Pixel Cars/Jeep.png
  artifactKey: Guid(9bef39ef8e6fd4d42bccf103609af17e) Importer(815301076,1909f56bfc062723c751e8b465ee728b)
Start importing Assets/VOiD1 Gaming - Pixel Cars/Pixel Cars/Jeep.png using Guid(9bef39ef8e6fd4d42bccf103609af17e) Importer(815301076,1909f56bfc062723c751e8b465ee728b)  -> (artifact id: '588fff386c092d2f01bdc9d09ea18451') in 0.029884 seconds 
========================================================================
Received Import Request.
  Time since last request: 15.371175 seconds.
  path: Assets/VOiD1 Gaming - Pixel Cars/Pixel Cars/Caravan.png
  artifactKey: Guid(d77a2e37ccf1d3548b6948458a3f0ef6) Importer(815301076,1909f56bfc062723c751e8b465ee728b)
Start importing Assets/VOiD1 Gaming - Pixel Cars/Pixel Cars/Caravan.png using Guid(d77a2e37ccf1d3548b6948458a3f0ef6) Importer(815301076,1909f56bfc062723c751e8b465ee728b)  -> (artifact id: '3b9d0471b436d4e97c8e882c1b2cdfe5') in 0.034834 seconds 
========================================================================
Received Import Request.
  Time since last request: 0.000061 seconds.
  path: Assets/VOiD1 Gaming - Pixel Cars/Pixel Cars/Ranger Open.png
  artifactKey: Guid(12f8e6af6fe412d48b0b7208b04a5ce6) Importer(815301076,1909f56bfc062723c751e8b465ee728b)
Start importing Assets/VOiD1 Gaming - Pixel Cars/Pixel Cars/Ranger Open.png using Guid(12f8e6af6fe412d48b0b7208b04a5ce6) Importer(815301076,1909f56bfc062723c751e8b465ee728b)  -> (artifact id: 'e4ebecda4ed8ae6ab1e7db506b3d1d9c') in 0.033213 seconds 
========================================================================
Received Import Request.
  Time since last request: 0.000060 seconds.
  path: Assets/VOiD1 Gaming - Pixel Cars/Pixel Cars/Classic.png
  artifactKey: Guid(30dff9215ed374c42bc5284c870ac976) Importer(815301076,1909f56bfc062723c751e8b465ee728b)
Start importing Assets/VOiD1 Gaming - Pixel Cars/Pixel Cars/Classic.png using Guid(30dff9215ed374c42bc5284c870ac976) Importer(815301076,1909f56bfc062723c751e8b465ee728b)  -> (artifact id: 'de5dc8694b5d7efdda7faf8e67f4968e') in 0.029090 seconds 
========================================================================
Received Import Request.
  Time since last request: 0.000111 seconds.
  path: Assets/VOiD1 Gaming - Pixel Cars/Pixel Cars/Large Pickup van.png
  artifactKey: Guid(d047ea82b39ef64408a0bea3d576ab2f) Importer(815301076,1909f56bfc062723c751e8b465ee728b)
Start importing Assets/VOiD1 Gaming - Pixel Cars/Pixel Cars/Large Pickup van.png using Guid(d047ea82b39ef64408a0bea3d576ab2f) Importer(815301076,1909f56bfc062723c751e8b465ee728b)  -> (artifact id: '9d49e34020773f89bbb40321b73f2419') in 0.030592 seconds 
========================================================================
Received Import Request.
  Time since last request: 0.000073 seconds.
  path: Assets/VOiD1 Gaming - Pixel Cars/Pixel Cars/Ranger.png
  artifactKey: Guid(261a501498e3fc549b605aa66e5fa18d) Importer(815301076,1909f56bfc062723c751e8b465ee728b)
Start importing Assets/VOiD1 Gaming - Pixel Cars/Pixel Cars/Ranger.png using Guid(261a501498e3fc549b605aa66e5fa18d) Importer(815301076,1909f56bfc062723c751e8b465ee728b)  -> (artifact id: 'b25cdaca68c60babbf2f9667c7673a1e') in 0.027432 seconds 
========================================================================
Received Import Request.
  Time since last request: 0.000049 seconds.
  path: Assets/VOiD1 Gaming - Pixel Cars/Pixel Cars/Racing Car.png
  artifactKey: Guid(64f9d23b08b0cb7418b03462a4b0d39c) Importer(815301076,1909f56bfc062723c751e8b465ee728b)
Start importing Assets/VOiD1 Gaming - Pixel Cars/Pixel Cars/Racing Car.png using Guid(64f9d23b08b0cb7418b03462a4b0d39c) Importer(815301076,1909f56bfc062723c751e8b465ee728b)  -> (artifact id: '5c1befb2afa1c898e533e29302f3cfe3') in 0.025879 seconds 
========================================================================
Received Import Request.
  Time since last request: 0.000064 seconds.
  path: Assets/VOiD1 Gaming - Pixel Cars/Pixel Cars/Jeep.png
  artifactKey: Guid(9bef39ef8e6fd4d42bccf103609af17e) Importer(815301076,1909f56bfc062723c751e8b465ee728b)
Start importing Assets/VOiD1 Gaming - Pixel Cars/Pixel Cars/Jeep.png using Guid(9bef39ef8e6fd4d42bccf103609af17e) Importer(815301076,1909f56bfc062723c751e8b465ee728b)  -> (artifact id: '23799e439cf323307c41931ced6aaf11') in 0.030112 seconds 
========================================================================
Received Import Request.
  Time since last request: 13.567195 seconds.
  path: Assets/VOiD1 Gaming - Pixel Cars/Pixel Cars/Caravan.png
  artifactKey: Guid(d77a2e37ccf1d3548b6948458a3f0ef6) Importer(815301076,1909f56bfc062723c751e8b465ee728b)
Start importing Assets/VOiD1 Gaming - Pixel Cars/Pixel Cars/Caravan.png using Guid(d77a2e37ccf1d3548b6948458a3f0ef6) Importer(815301076,1909f56bfc062723c751e8b465ee728b)  -> (artifact id: 'c81a11ac6ef4a307231b21c148a3ba73') in 0.022818 seconds 
========================================================================
Received Import Request.
  Time since last request: 0.000059 seconds.
  path: Assets/VOiD1 Gaming - Pixel Cars/Pixel Cars/Ranger Open.png
  artifactKey: Guid(12f8e6af6fe412d48b0b7208b04a5ce6) Importer(815301076,1909f56bfc062723c751e8b465ee728b)
Start importing Assets/VOiD1 Gaming - Pixel Cars/Pixel Cars/Ranger Open.png using Guid(12f8e6af6fe412d48b0b7208b04a5ce6) Importer(815301076,1909f56bfc062723c751e8b465ee728b)  -> (artifact id: '807257efbce455ce1ddea3766b88b886') in 0.019345 seconds 
========================================================================
Received Import Request.
  Time since last request: 0.000051 seconds.
  path: Assets/VOiD1 Gaming - Pixel Cars/Pixel Cars/Small Pickup Van.png
  artifactKey: Guid(fa02e318d5c4d474d8e404b20ff06e8e) Importer(815301076,1909f56bfc062723c751e8b465ee728b)
Start importing Assets/VOiD1 Gaming - Pixel Cars/Pixel Cars/Small Pickup Van.png using Guid(fa02e318d5c4d474d8e404b20ff06e8e) Importer(815301076,1909f56bfc062723c751e8b465ee728b)  -> (artifact id: 'ce13099600c9b6087dd0b5247f8766a7') in 0.021141 seconds 
========================================================================
Received Import Request.
  Time since last request: 0.000052 seconds.
  path: Assets/VOiD1 Gaming - Pixel Cars/Pixel Cars/Large Pickup van.png
  artifactKey: Guid(d047ea82b39ef64408a0bea3d576ab2f) Importer(815301076,1909f56bfc062723c751e8b465ee728b)
Start importing Assets/VOiD1 Gaming - Pixel Cars/Pixel Cars/Large Pickup van.png using Guid(d047ea82b39ef64408a0bea3d576ab2f) Importer(815301076,1909f56bfc062723c751e8b465ee728b)  -> (artifact id: 'f96edb2cec45810bd4fa60bbe0a19a9b') in 0.024564 seconds 
========================================================================
Received Import Request.
  Time since last request: 0.000057 seconds.
  path: Assets/VOiD1 Gaming - Pixel Cars/Pixel Cars/Ranger.png
  artifactKey: Guid(261a501498e3fc549b605aa66e5fa18d) Importer(815301076,1909f56bfc062723c751e8b465ee728b)
Start importing Assets/VOiD1 Gaming - Pixel Cars/Pixel Cars/Ranger.png using Guid(261a501498e3fc549b605aa66e5fa18d) Importer(815301076,1909f56bfc062723c751e8b465ee728b)  -> (artifact id: '8eb15a068f6fd20fb01a97cceccd15ea') in 0.022448 seconds 
========================================================================
Received Import Request.
  Time since last request: 0.000073 seconds.
  path: Assets/VOiD1 Gaming - Pixel Cars/Pixel Cars/Racing Car.png
  artifactKey: Guid(64f9d23b08b0cb7418b03462a4b0d39c) Importer(815301076,1909f56bfc062723c751e8b465ee728b)
Start importing Assets/VOiD1 Gaming - Pixel Cars/Pixel Cars/Racing Car.png using Guid(64f9d23b08b0cb7418b03462a4b0d39c) Importer(815301076,1909f56bfc062723c751e8b465ee728b)  -> (artifact id: '32cdb5e3e4dbee5dc558658b35d7f372') in 0.021756 seconds 
========================================================================
Received Import Request.
  Time since last request: 0.000090 seconds.
  path: Assets/VOiD1 Gaming - Pixel Cars/Pixel Cars/Jeep Close.png
  artifactKey: Guid(b2bc6f31e56269947a1ee8a25ac53e7a) Importer(815301076,1909f56bfc062723c751e8b465ee728b)
Start importing Assets/VOiD1 Gaming - Pixel Cars/Pixel Cars/Jeep Close.png using Guid(b2bc6f31e56269947a1ee8a25ac53e7a) Importer(815301076,1909f56bfc062723c751e8b465ee728b)  -> (artifact id: '280ff14d7a0899278652557f5536f1d8') in 0.021669 seconds 
========================================================================
Received Import Request.
  Time since last request: 0.000065 seconds.
  path: Assets/VOiD1 Gaming - Pixel Cars/Pixel Cars/Van.png
  artifactKey: Guid(5433450725995b24ba1208ffac4594bf) Importer(815301076,1909f56bfc062723c751e8b465ee728b)
Start importing Assets/VOiD1 Gaming - Pixel Cars/Pixel Cars/Van.png using Guid(5433450725995b24ba1208ffac4594bf) Importer(815301076,1909f56bfc062723c751e8b465ee728b)  -> (artifact id: 'd0fbe02be5af47ca7438529cd5de7049') in 0.016652 seconds 
========================================================================
Received Import Request.
  Time since last request: 199.910027 seconds.
  path: Assets/VOiD1 Gaming - Pixel Cars/Pixel Cars/Caravan.png
  artifactKey: Guid(d77a2e37ccf1d3548b6948458a3f0ef6) Importer(815301076,1909f56bfc062723c751e8b465ee728b)
Start importing Assets/VOiD1 Gaming - Pixel Cars/Pixel Cars/Caravan.png using Guid(d77a2e37ccf1d3548b6948458a3f0ef6) Importer(815301076,1909f56bfc062723c751e8b465ee728b)  -> (artifact id: '193af82c19f8e6cd3495bb40ccb538a4') in 0.042824 seconds 
========================================================================
Received Import Request.
  Time since last request: 0.000061 seconds.
  path: Assets/VOiD1 Gaming - Pixel Cars/Pixel Cars/Ranger Open.png
  artifactKey: Guid(12f8e6af6fe412d48b0b7208b04a5ce6) Importer(815301076,1909f56bfc062723c751e8b465ee728b)
Start importing Assets/VOiD1 Gaming - Pixel Cars/Pixel Cars/Ranger Open.png using Guid(12f8e6af6fe412d48b0b7208b04a5ce6) Importer(815301076,1909f56bfc062723c751e8b465ee728b)  -> (artifact id: 'd7a8d5726b50195d552e3aa3e4bac946') in 0.040253 seconds 
========================================================================
Received Import Request.
  Time since last request: 0.000062 seconds.
  path: Assets/VOiD1 Gaming - Pixel Cars/Pixel Cars/Large Pickup van.png
  artifactKey: Guid(d047ea82b39ef64408a0bea3d576ab2f) Importer(815301076,1909f56bfc062723c751e8b465ee728b)
Start importing Assets/VOiD1 Gaming - Pixel Cars/Pixel Cars/Large Pickup van.png using Guid(d047ea82b39ef64408a0bea3d576ab2f) Importer(815301076,1909f56bfc062723c751e8b465ee728b)  -> (artifact id: '96cf92a61258f79cc4e5a269c214cde8') in 0.038636 seconds 
========================================================================
Received Import Request.
  Time since last request: 0.000059 seconds.
  path: Assets/VOiD1 Gaming - Pixel Cars/Pixel Cars/Ranger.png
  artifactKey: Guid(261a501498e3fc549b605aa66e5fa18d) Importer(815301076,1909f56bfc062723c751e8b465ee728b)
Start importing Assets/VOiD1 Gaming - Pixel Cars/Pixel Cars/Ranger.png using Guid(261a501498e3fc549b605aa66e5fa18d) Importer(815301076,1909f56bfc062723c751e8b465ee728b)  -> (artifact id: '913dacf2bdcbe4d86be7b681b9cb8d24') in 0.035298 seconds 
========================================================================
Received Import Request.
  Time since last request: 0.000056 seconds.
  path: Assets/VOiD1 Gaming - Pixel Cars/Pixel Cars/Racing Car.png
  artifactKey: Guid(64f9d23b08b0cb7418b03462a4b0d39c) Importer(815301076,1909f56bfc062723c751e8b465ee728b)
Start importing Assets/VOiD1 Gaming - Pixel Cars/Pixel Cars/Racing Car.png using Guid(64f9d23b08b0cb7418b03462a4b0d39c) Importer(815301076,1909f56bfc062723c751e8b465ee728b)  -> (artifact id: '0721737fff9738bb6ac53068ee678eb4') in 0.038314 seconds 
========================================================================
Received Import Request.
  Time since last request: 0.000052 seconds.
  path: Assets/VOiD1 Gaming - Pixel Cars/Pixel Cars/Jeep Close.png
  artifactKey: Guid(b2bc6f31e56269947a1ee8a25ac53e7a) Importer(815301076,1909f56bfc062723c751e8b465ee728b)
Start importing Assets/VOiD1 Gaming - Pixel Cars/Pixel Cars/Jeep Close.png using Guid(b2bc6f31e56269947a1ee8a25ac53e7a) Importer(815301076,1909f56bfc062723c751e8b465ee728b)  -> (artifact id: '903dae0677fdb9bfffd233c527c607c4') in 0.036743 seconds 
========================================================================
Received Import Request.
  Time since last request: 0.000048 seconds.
  path: Assets/VOiD1 Gaming - Pixel Cars/Pixel Cars/Van.png
  artifactKey: Guid(5433450725995b24ba1208ffac4594bf) Importer(815301076,1909f56bfc062723c751e8b465ee728b)
Start importing Assets/VOiD1 Gaming - Pixel Cars/Pixel Cars/Van.png using Guid(5433450725995b24ba1208ffac4594bf) Importer(815301076,1909f56bfc062723c751e8b465ee728b)  -> (artifact id: 'cbca917c598b7e58671890698fc71afa') in 0.036019 seconds 
========================================================================
Received Import Request.
  Time since last request: 163.711081 seconds.
  path: Assets/VOiD1 Gaming - Pixel Cars/Pixel Cars/Classic.png
  artifactKey: Guid(30dff9215ed374c42bc5284c870ac976) Importer(815301076,1909f56bfc062723c751e8b465ee728b)
Start importing Assets/VOiD1 Gaming - Pixel Cars/Pixel Cars/Classic.png using Guid(30dff9215ed374c42bc5284c870ac976) Importer(815301076,1909f56bfc062723c751e8b465ee728b)  -> (artifact id: 'e1bdb9776f341a80a253f706c93597dc') in 0.033861 seconds 
========================================================================
Received Import Request.
  Time since last request: 0.000046 seconds.
  path: Assets/VOiD1 Gaming - Pixel Cars/Pixel Cars/Ranger Open.png
  artifactKey: Guid(12f8e6af6fe412d48b0b7208b04a5ce6) Importer(815301076,1909f56bfc062723c751e8b465ee728b)
Start importing Assets/VOiD1 Gaming - Pixel Cars/Pixel Cars/Ranger Open.png using Guid(12f8e6af6fe412d48b0b7208b04a5ce6) Importer(815301076,1909f56bfc062723c751e8b465ee728b)  -> (artifact id: '3b1a8d41f0f005c5220c2de0615b48ce') in 0.034090 seconds 
========================================================================
Received Import Request.
  Time since last request: 0.000080 seconds.
  path: Assets/VOiD1 Gaming - Pixel Cars/Pixel Cars/Large Pickup van.png
  artifactKey: Guid(d047ea82b39ef64408a0bea3d576ab2f) Importer(815301076,1909f56bfc062723c751e8b465ee728b)
Start importing Assets/VOiD1 Gaming - Pixel Cars/Pixel Cars/Large Pickup van.png using Guid(d047ea82b39ef64408a0bea3d576ab2f) Importer(815301076,1909f56bfc062723c751e8b465ee728b)  -> (artifact id: 'c61840a6c2c218c96c8d878953bff0a1') in 0.046152 seconds 
========================================================================
Received Import Request.
  Time since last request: 0.000079 seconds.
  path: Assets/VOiD1 Gaming - Pixel Cars/Pixel Cars/Ranger.png
  artifactKey: Guid(261a501498e3fc549b605aa66e5fa18d) Importer(815301076,1909f56bfc062723c751e8b465ee728b)
Start importing Assets/VOiD1 Gaming - Pixel Cars/Pixel Cars/Ranger.png using Guid(261a501498e3fc549b605aa66e5fa18d) Importer(815301076,1909f56bfc062723c751e8b465ee728b)  -> (artifact id: 'b53c5f1a38dd6d6814d08d5365030b8c') in 0.034861 seconds 
========================================================================
Received Import Request.
  Time since last request: 0.000055 seconds.
  path: Assets/VOiD1 Gaming - Pixel Cars/Pixel Cars/Racing Car.png
  artifactKey: Guid(64f9d23b08b0cb7418b03462a4b0d39c) Importer(815301076,1909f56bfc062723c751e8b465ee728b)
Start importing Assets/VOiD1 Gaming - Pixel Cars/Pixel Cars/Racing Car.png using Guid(64f9d23b08b0cb7418b03462a4b0d39c) Importer(815301076,1909f56bfc062723c751e8b465ee728b)  -> (artifact id: 'd994fff04b815d30fbb2b1f1ad5457bb') in 0.037207 seconds 
========================================================================
Received Import Request.
  Time since last request: 0.000048 seconds.
  path: Assets/VOiD1 Gaming - Pixel Cars/Pixel Cars/Jeep Close.png
  artifactKey: Guid(b2bc6f31e56269947a1ee8a25ac53e7a) Importer(815301076,1909f56bfc062723c751e8b465ee728b)
Start importing Assets/VOiD1 Gaming - Pixel Cars/Pixel Cars/Jeep Close.png using Guid(b2bc6f31e56269947a1ee8a25ac53e7a) Importer(815301076,1909f56bfc062723c751e8b465ee728b)  -> (artifact id: '4ad2d3c5da477f8ef9b38cbd7ca85752') in 0.034884 seconds 
========================================================================
Received Import Request.
  Time since last request: 0.000053 seconds.
  path: Assets/VOiD1 Gaming - Pixel Cars/Pixel Cars/Van.png
  artifactKey: Guid(5433450725995b24ba1208ffac4594bf) Importer(815301076,1909f56bfc062723c751e8b465ee728b)
Start importing Assets/VOiD1 Gaming - Pixel Cars/Pixel Cars/Van.png using Guid(5433450725995b24ba1208ffac4594bf) Importer(815301076,1909f56bfc062723c751e8b465ee728b)  -> (artifact id: 'e2d69af252499c8ffb163d83136dae4d') in 0.043263 seconds 
========================================================================
Received Import Request.
  Time since last request: 106.791117 seconds.
  path: Assets/VOiD1 Gaming - Pixel Cars/Graphics Assets/Pixel Cars 16X9.png
  artifactKey: Guid(984031459567f6d40877b1d6ef5bd0a3) Importer(815301076,1909f56bfc062723c751e8b465ee728b)
Start importing Assets/VOiD1 Gaming - Pixel Cars/Graphics Assets/Pixel Cars 16X9.png using Guid(984031459567f6d40877b1d6ef5bd0a3) Importer(815301076,1909f56bfc062723c751e8b465ee728b)  -> (artifact id: '3b75a4e772fc3a2c5c499b9df8ebce73') in 0.289351 seconds 
