Using pre-set license
Built from '2021.3/staging' branch; Version is '2021.3.8f1 (b30333d56e81) revision 11731763'; Using compiler version '192829333'; Build Type 'Release'
OS: 'Windows 10  (10.0.19044) 64bit Professional' Language: 'en' Physical Memory: 16249 MB
BatchMode: 1, IsHumanControllingUs: 0, StartBugReporterOnCrash: 0, Is64bit: 1, IsPro: 1

COMMAND LINE ARGUMENTS:
C:\Program Files\Unity\Hub\Editor\2021.3.8f1\Editor\Unity.exe
-adb2
-batchMode
-noUpm
-name
AssetImportWorker0
-projectPath
C:/Users/Bristol Culture/Documents/Github Repos/My Car Configurator
-logFile
Logs/AssetImportWorker0.log
-srvPort
50324
Successfully changed project path to: C:/Users/Bristol Culture/Documents/Github Repos/My Car Configurator
C:/Users/Bristol Culture/Documents/Github Repos/My Car Configurator
[UnityMemory] Configuration Parameters - Can be set up in boot.config
    "memorysetup-bucket-allocator-granularity=16"
    "memorysetup-bucket-allocator-bucket-count=8"
    "memorysetup-bucket-allocator-block-size=33554432"
    "memorysetup-bucket-allocator-block-count=8"
    "memorysetup-main-allocator-block-size=16777216"
    "memorysetup-thread-allocator-block-size=16777216"
    "memorysetup-gfx-main-allocator-block-size=16777216"
    "memorysetup-gfx-thread-allocator-block-size=16777216"
    "memorysetup-cache-allocator-block-size=4194304"
    "memorysetup-typetree-allocator-block-size=2097152"
    "memorysetup-profiler-bucket-allocator-granularity=16"
    "memorysetup-profiler-bucket-allocator-bucket-count=8"
    "memorysetup-profiler-bucket-allocator-block-size=33554432"
    "memorysetup-profiler-bucket-allocator-block-count=8"
    "memorysetup-profiler-allocator-block-size=16777216"
    "memorysetup-profiler-editor-allocator-block-size=1048576"
    "memorysetup-temp-allocator-size-main=16777216"
    "memorysetup-job-temp-allocator-block-size=2097152"
    "memorysetup-job-temp-allocator-block-size-background=1048576"
    "memorysetup-job-temp-allocator-reduction-small-platforms=262144"
    "memorysetup-temp-allocator-size-background-worker=32768"
    "memorysetup-temp-allocator-size-job-worker=262144"
    "memorysetup-temp-allocator-size-preload-manager=33554432"
    "memorysetup-temp-allocator-size-nav-mesh-worker=65536"
    "memorysetup-temp-allocator-size-audio-worker=65536"
    "memorysetup-temp-allocator-size-cloud-worker=32768"
    "memorysetup-temp-allocator-size-gi-baking-worker=262144"
    "memorysetup-temp-allocator-size-gfx=262144"
Refreshing native plugins compatible for Editor in 255.49 ms, found 4 plugins.
Preloading 0 native plugins for Editor in 0.00 ms.
Initialize engine version: 2021.3.8f1 (b30333d56e81)
[Subsystems] Discovering subsystems at path C:/Program Files/Unity/Hub/Editor/2021.3.8f1/Editor/Data/Resources/UnitySubsystems
[Subsystems] Discovering subsystems at path C:/Users/Bristol Culture/Documents/Github Repos/My Car Configurator/Assets
GfxDevice: creating device client; threaded=0; jobified=0
Direct3D:
    Version:  Direct3D 11.0 [level 11.1]
    Renderer: Intel(R) UHD Graphics 620 (ID=0x5917)
    Vendor:   Intel
    VRAM:     8124 MB
    Driver:   27.20.100.9664
Initialize mono
Mono path[0] = 'C:/Program Files/Unity/Hub/Editor/2021.3.8f1/Editor/Data/Managed'
Mono path[1] = 'C:/Program Files/Unity/Hub/Editor/2021.3.8f1/Editor/Data/MonoBleedingEdge/lib/mono/unityjit-win32'
Mono config path = 'C:/Program Files/Unity/Hub/Editor/2021.3.8f1/Editor/Data/MonoBleedingEdge/etc'
Using monoOptions --debugger-agent=transport=dt_socket,embedding=1,server=y,suspend=n,address=127.0.0.1:56256
Begin MonoManager ReloadAssembly
Registering precompiled unity dll's ...
Register platform support module: C:/Program Files/Unity/Hub/Editor/2021.3.8f1/Editor/Data/PlaybackEngines/WebGLSupport/UnityEditor.WebGL.Extensions.dll
Register platform support module: C:/Program Files/Unity/Hub/Editor/2021.3.8f1/Editor/Data/PlaybackEngines/WindowsStandaloneSupport/UnityEditor.WindowsStandalone.Extensions.dll
Registered in 0.024402 seconds.
Native extension for WindowsStandalone target not found
Native extension for WebGL target not found
Refreshing native plugins compatible for Editor in 273.84 ms, found 4 plugins.
Preloading 0 native plugins for Editor in 0.00 ms.
Mono: successfully reloaded assembly
- Completed reload, in  1.873 seconds
Domain Reload Profiling:
	ReloadAssembly (1874ms)
		BeginReloadAssembly (246ms)
			ExecutionOrderSort (0ms)
			DisableScriptedObjects (0ms)
			BackupInstance (0ms)
			ReleaseScriptingObjects (0ms)
			CreateAndSetChildDomain (2ms)
		EndReloadAssembly (1292ms)
			LoadAssemblies (240ms)
			RebuildTransferFunctionScriptingTraits (0ms)
			SetupTypeCache (284ms)
			ReleaseScriptCaches (0ms)
			RebuildScriptCaches (72ms)
			SetupLoadedEditorAssemblies (800ms)
				LogAssemblyErrors (0ms)
				InitializePlatformSupportModulesInManaged (25ms)
				SetLoadedEditorAssemblies (1ms)
				RefreshPlugins (274ms)
				BeforeProcessingInitializeOnLoad (3ms)
				ProcessInitializeOnLoadAttributes (382ms)
				ProcessInitializeOnLoadMethodAttributes (115ms)
				AfterProcessingInitializeOnLoad (0ms)
				EditorAssembliesLoaded (0ms)
			ExecutionOrderSort2 (0ms)
			AwakeInstancesAfterBackupRestoration (0ms)
Platform modules already initialized, skipping
Registering precompiled user dll's ...
Registered in 0.024539 seconds.
Begin MonoManager ReloadAssembly
Symbol file LoadedFromMemory doesn't match image C:\Users\Bristol Culture\Documents\Github Repos\My Car Configurator\Library\PackageCache\com.unity.visualscripting@1.7.8\Editor\VisualScripting.Core\Dependencies\YamlDotNet\Unity.VisualScripting.YamlDotNet.dll
Symbol file LoadedFromMemory doesn't match image C:\Users\Bristol Culture\Documents\Github Repos\My Car Configurator\Library\PackageCache\com.unity.visualscripting@1.7.8\Editor\VisualScripting.Core\Dependencies\DotNetZip\Unity.VisualScripting.IonicZip.dll
Native extension for WindowsStandalone target not found
Native extension for WebGL target not found
Refreshing native plugins compatible for Editor in 235.57 ms, found 4 plugins.
Preloading 0 native plugins for Editor in 0.00 ms.
Mono: successfully reloaded assembly
- Completed reload, in  3.268 seconds
Domain Reload Profiling:
	ReloadAssembly (3271ms)
		BeginReloadAssembly (318ms)
			ExecutionOrderSort (0ms)
			DisableScriptedObjects (20ms)
			BackupInstance (0ms)
			ReleaseScriptingObjects (0ms)
			CreateAndSetChildDomain (46ms)
		EndReloadAssembly (2572ms)
			LoadAssemblies (259ms)
			RebuildTransferFunctionScriptingTraits (0ms)
			SetupTypeCache (680ms)
			ReleaseScriptCaches (1ms)
			RebuildScriptCaches (168ms)
			SetupLoadedEditorAssemblies (1350ms)
				LogAssemblyErrors (0ms)
				InitializePlatformSupportModulesInManaged (16ms)
				SetLoadedEditorAssemblies (0ms)
				RefreshPlugins (236ms)
				BeforeProcessingInitializeOnLoad (293ms)
				ProcessInitializeOnLoadAttributes (652ms)
				ProcessInitializeOnLoadMethodAttributes (123ms)
				AfterProcessingInitializeOnLoad (29ms)
				EditorAssembliesLoaded (0ms)
			ExecutionOrderSort2 (0ms)
			AwakeInstancesAfterBackupRestoration (16ms)
Platform modules already initialized, skipping
========================================================================
Worker process is ready to serve import requests
Launched and connected shader compiler UnityShaderCompiler.exe after 0.10 seconds
Refreshing native plugins compatible for Editor in 2.71 ms, found 4 plugins.
Preloading 0 native plugins for Editor in 0.00 ms.
Unloading 4066 Unused Serialized files (Serialized files now loaded: 0)
Unloading 44 unused Assets / (222.9 KB). Loaded Objects now: 4516.
Memory consumption went from 151.3 MB to 151.0 MB.
Total: 13.399600 ms (FindLiveObjects: 0.669800 ms CreateObjectMapping: 0.623200 ms MarkObjects: 11.774400 ms  DeleteObjects: 0.329600 ms)

AssetImportParameters requested are different than current active one (requested -> active):
  custom:video-decoder-ogg-theora: a1e56fd34408186e4bbccfd4996cb3dc -> 
  custom:container-muxer-webm: aa71ff27fc2769a1b78a27578f13a17b -> 
  custom:container-demuxer-webm: 4f35f7cbe854078d1ac9338744f61a02 -> 
  custom:video-encoder-webm-vp8: eb34c28f22e8b96e1ab97ce403110664 -> 
  custom:audio-encoder-webm-vorbis: bf7c407c2cedff20999df2af8eb42d56 -> 
  custom:framework-win-MediaFoundation: 216162199b28c13a410421893ffa2e32 -> 
  custom:container-demuxer-ogg: 62fdf1f143b41e24485cea50d1cbac27 -> 
  custom:video-decoder-webm-vp8: 9c59270c3fd7afecdb556c50c9e8de78 -> 
  custom:audio-decoder-ogg-vorbis: bf7c407c2cedff20999df2af8eb42d56 -> 
========================================================================
Received Import Request.
  Time since last request: 5416.334433 seconds.
  path: Assets/VOiD1 Gaming - Pixel Cars/Pixel Cars/Convertible close.png
  artifactKey: Guid(5cd3bf8dd47e4dc4a9d5ed9392195953) Importer(815301076,1909f56bfc062723c751e8b465ee728b)
Start importing Assets/VOiD1 Gaming - Pixel Cars/Pixel Cars/Convertible close.png using Guid(5cd3bf8dd47e4dc4a9d5ed9392195953) Importer(815301076,1909f56bfc062723c751e8b465ee728b)  -> (artifact id: '2bc278fa9037ec8344e40a2ef545efe8') in 0.359128 seconds 
========================================================================
Received Import Request.
  Time since last request: 0.000067 seconds.
  path: Assets/VOiD1 Gaming - Pixel Cars/Pixel Cars/Small Pickup Van.png
  artifactKey: Guid(fa02e318d5c4d474d8e404b20ff06e8e) Importer(815301076,1909f56bfc062723c751e8b465ee728b)
Start importing Assets/VOiD1 Gaming - Pixel Cars/Pixel Cars/Small Pickup Van.png using Guid(fa02e318d5c4d474d8e404b20ff06e8e) Importer(815301076,1909f56bfc062723c751e8b465ee728b)  -> (artifact id: '8121685bf44cd4fa7f91373f5604f0be') in 0.038067 seconds 
========================================================================
Received Import Request.
  Time since last request: 0.000076 seconds.
  path: Assets/VOiD1 Gaming - Pixel Cars/Pixel Cars/Classic.png
  artifactKey: Guid(30dff9215ed374c42bc5284c870ac976) Importer(815301076,1909f56bfc062723c751e8b465ee728b)
Start importing Assets/VOiD1 Gaming - Pixel Cars/Pixel Cars/Classic.png using Guid(30dff9215ed374c42bc5284c870ac976) Importer(815301076,1909f56bfc062723c751e8b465ee728b)  -> (artifact id: 'ded9e388d7ab06f402c3329ca4fa26d8') in 0.046288 seconds 
========================================================================
Received Import Request.
  Time since last request: 0.000051 seconds.
  path: Assets/VOiD1 Gaming - Pixel Cars/Pixel Cars/Beetle.png
  artifactKey: Guid(1adea44eddc43f140b9d2fe15dc4b6e4) Importer(815301076,1909f56bfc062723c751e8b465ee728b)
Start importing Assets/VOiD1 Gaming - Pixel Cars/Pixel Cars/Beetle.png using Guid(1adea44eddc43f140b9d2fe15dc4b6e4) Importer(815301076,1909f56bfc062723c751e8b465ee728b)  -> (artifact id: '5260192edd225e6196899d59cdcae861') in 0.043001 seconds 
========================================================================
Received Import Request.
  Time since last request: 0.000048 seconds.
  path: Assets/VOiD1 Gaming - Pixel Cars/Pixel Cars/Caravan.png
  artifactKey: Guid(d77a2e37ccf1d3548b6948458a3f0ef6) Importer(815301076,1909f56bfc062723c751e8b465ee728b)
Start importing Assets/VOiD1 Gaming - Pixel Cars/Pixel Cars/Caravan.png using Guid(d77a2e37ccf1d3548b6948458a3f0ef6) Importer(815301076,1909f56bfc062723c751e8b465ee728b)  -> (artifact id: '3dc7fab772ce714872ef063e287b7a90') in 0.045395 seconds 
========================================================================
Received Import Request.
  Time since last request: 0.000048 seconds.
  path: Assets/VOiD1 Gaming - Pixel Cars/Pixel Cars/Low Rider Close.png
  artifactKey: Guid(886ca4ce71c1b524db85514120d032b2) Importer(815301076,1909f56bfc062723c751e8b465ee728b)
Start importing Assets/VOiD1 Gaming - Pixel Cars/Pixel Cars/Low Rider Close.png using Guid(886ca4ce71c1b524db85514120d032b2) Importer(815301076,1909f56bfc062723c751e8b465ee728b)  -> (artifact id: 'd2248faddd4dadda8e20e765c16618ab') in 0.045246 seconds 
========================================================================
Received Import Request.
  Time since last request: 0.000063 seconds.
  path: Assets/VOiD1 Gaming - Pixel Cars/Pixel Cars/Low Rider Open.png
  artifactKey: Guid(04d673b04dcbaf64d96680dfb3637f9a) Importer(815301076,1909f56bfc062723c751e8b465ee728b)
Start importing Assets/VOiD1 Gaming - Pixel Cars/Pixel Cars/Low Rider Open.png using Guid(04d673b04dcbaf64d96680dfb3637f9a) Importer(815301076,1909f56bfc062723c751e8b465ee728b)  -> (artifact id: '5d970b0839425949ad04a8b27b4b4650') in 0.045090 seconds 
========================================================================
Received Import Request.
  Time since last request: 0.000071 seconds.
  path: Assets/VOiD1 Gaming - Pixel Cars/Pixel Cars/Jeep.png
  artifactKey: Guid(9bef39ef8e6fd4d42bccf103609af17e) Importer(815301076,1909f56bfc062723c751e8b465ee728b)
Start importing Assets/VOiD1 Gaming - Pixel Cars/Pixel Cars/Jeep.png using Guid(9bef39ef8e6fd4d42bccf103609af17e) Importer(815301076,1909f56bfc062723c751e8b465ee728b)  -> (artifact id: '17bf61bd8c6797e55058ed6b93b6d431') in 0.049462 seconds 
========================================================================
Received Prepare
Registering precompiled user dll's ...
Registered in 0.024605 seconds.
Begin MonoManager ReloadAssembly
Symbol file LoadedFromMemory doesn't match image C:\Users\Bristol Culture\Documents\Github Repos\My Car Configurator\Library\PackageCache\com.unity.visualscripting@1.7.8\Editor\VisualScripting.Core\Dependencies\YamlDotNet\Unity.VisualScripting.YamlDotNet.dll
Symbol file LoadedFromMemory doesn't match image C:\Users\Bristol Culture\Documents\Github Repos\My Car Configurator\Library\PackageCache\com.unity.visualscripting@1.7.8\Editor\VisualScripting.Core\Dependencies\DotNetZip\Unity.VisualScripting.IonicZip.dll
Native extension for WindowsStandalone target not found
Native extension for WebGL target not found
Refreshing native plugins compatible for Editor in 2.14 ms, found 4 plugins.
Preloading 0 native plugins for Editor in 0.00 ms.
Mono: successfully reloaded assembly
- Completed reload, in  3.499 seconds
Domain Reload Profiling:
	ReloadAssembly (3502ms)
		BeginReloadAssembly (376ms)
			ExecutionOrderSort (0ms)
			DisableScriptedObjects (33ms)
			BackupInstance (0ms)
			ReleaseScriptingObjects (0ms)
			CreateAndSetChildDomain (93ms)
		EndReloadAssembly (2792ms)
			LoadAssemblies (257ms)
			RebuildTransferFunctionScriptingTraits (0ms)
			SetupTypeCache (893ms)
			ReleaseScriptCaches (3ms)
			RebuildScriptCaches (175ms)
			SetupLoadedEditorAssemblies (1240ms)
				LogAssemblyErrors (0ms)
				InitializePlatformSupportModulesInManaged (53ms)
				SetLoadedEditorAssemblies (2ms)
				RefreshPlugins (2ms)
				BeforeProcessingInitializeOnLoad (279ms)
				ProcessInitializeOnLoadAttributes (747ms)
				ProcessInitializeOnLoadMethodAttributes (127ms)
				AfterProcessingInitializeOnLoad (29ms)
				EditorAssembliesLoaded (0ms)
			ExecutionOrderSort2 (0ms)
			AwakeInstancesAfterBackupRestoration (25ms)
Platform modules already initialized, skipping
Refreshing native plugins compatible for Editor in 6.19 ms, found 4 plugins.
Preloading 0 native plugins for Editor in 0.00 ms.
Unloading 4061 Unused Serialized files (Serialized files now loaded: 0)
Unloading 31 unused Assets / (190.0 KB). Loaded Objects now: 4525.
Memory consumption went from 155.6 MB to 155.4 MB.
Total: 7.246600 ms (FindLiveObjects: 0.508900 ms CreateObjectMapping: 0.488600 ms MarkObjects: 5.972400 ms  DeleteObjects: 0.274400 ms)

AssetImportParameters requested are different than current active one (requested -> active):
  custom:video-decoder-ogg-theora: a1e56fd34408186e4bbccfd4996cb3dc -> 
  custom:container-muxer-webm: aa71ff27fc2769a1b78a27578f13a17b -> 
  custom:container-demuxer-webm: 4f35f7cbe854078d1ac9338744f61a02 -> 
  custom:video-encoder-webm-vp8: eb34c28f22e8b96e1ab97ce403110664 -> 
  custom:audio-encoder-webm-vorbis: bf7c407c2cedff20999df2af8eb42d56 -> 
  custom:framework-win-MediaFoundation: 216162199b28c13a410421893ffa2e32 -> 
  custom:container-demuxer-ogg: 62fdf1f143b41e24485cea50d1cbac27 -> 
  custom:video-decoder-webm-vp8: 9c59270c3fd7afecdb556c50c9e8de78 -> 
  custom:audio-decoder-ogg-vorbis: bf7c407c2cedff20999df2af8eb42d56 -> 
========================================================================
Received Prepare
Registering precompiled user dll's ...
Registered in 0.025849 seconds.
Begin MonoManager ReloadAssembly
Symbol file LoadedFromMemory doesn't match image C:\Users\Bristol Culture\Documents\Github Repos\My Car Configurator\Library\PackageCache\com.unity.visualscripting@1.7.8\Editor\VisualScripting.Core\Dependencies\YamlDotNet\Unity.VisualScripting.YamlDotNet.dll
Symbol file LoadedFromMemory doesn't match image C:\Users\Bristol Culture\Documents\Github Repos\My Car Configurator\Library\PackageCache\com.unity.visualscripting@1.7.8\Editor\VisualScripting.Core\Dependencies\DotNetZip\Unity.VisualScripting.IonicZip.dll
Native extension for WindowsStandalone target not found
Native extension for WebGL target not found
Refreshing native plugins compatible for Editor in 2.61 ms, found 4 plugins.
Preloading 0 native plugins for Editor in 0.00 ms.
Mono: successfully reloaded assembly
- Completed reload, in  3.034 seconds
Domain Reload Profiling:
	ReloadAssembly (3036ms)
		BeginReloadAssembly (343ms)
			ExecutionOrderSort (0ms)
			DisableScriptedObjects (21ms)
			BackupInstance (0ms)
			ReleaseScriptingObjects (0ms)
			CreateAndSetChildDomain (92ms)
		EndReloadAssembly (2384ms)
			LoadAssemblies (243ms)
			RebuildTransferFunctionScriptingTraits (0ms)
			SetupTypeCache (685ms)
			ReleaseScriptCaches (3ms)
			RebuildScriptCaches (119ms)
			SetupLoadedEditorAssemblies (1205ms)
				LogAssemblyErrors (0ms)
				InitializePlatformSupportModulesInManaged (51ms)
				SetLoadedEditorAssemblies (2ms)
				RefreshPlugins (3ms)
				BeforeProcessingInitializeOnLoad (260ms)
				ProcessInitializeOnLoadAttributes (729ms)
				ProcessInitializeOnLoadMethodAttributes (131ms)
				AfterProcessingInitializeOnLoad (28ms)
				EditorAssembliesLoaded (1ms)
			ExecutionOrderSort2 (0ms)
			AwakeInstancesAfterBackupRestoration (26ms)
Platform modules already initialized, skipping
Refreshing native plugins compatible for Editor in 6.19 ms, found 4 plugins.
Preloading 0 native plugins for Editor in 0.00 ms.
Unloading 4063 Unused Serialized files (Serialized files now loaded: 0)
Unloading 31 unused Assets / (190.2 KB). Loaded Objects now: 4530.
Memory consumption went from 155.6 MB to 155.5 MB.
Total: 6.932300 ms (FindLiveObjects: 0.509100 ms CreateObjectMapping: 0.388100 ms MarkObjects: 5.751300 ms  DeleteObjects: 0.281400 ms)

AssetImportParameters requested are different than current active one (requested -> active):
  custom:video-decoder-ogg-theora: a1e56fd34408186e4bbccfd4996cb3dc -> 
  custom:container-muxer-webm: aa71ff27fc2769a1b78a27578f13a17b -> 
  custom:container-demuxer-webm: 4f35f7cbe854078d1ac9338744f61a02 -> 
  custom:video-encoder-webm-vp8: eb34c28f22e8b96e1ab97ce403110664 -> 
  custom:audio-encoder-webm-vorbis: bf7c407c2cedff20999df2af8eb42d56 -> 
  custom:framework-win-MediaFoundation: 216162199b28c13a410421893ffa2e32 -> 
  custom:container-demuxer-ogg: 62fdf1f143b41e24485cea50d1cbac27 -> 
  custom:video-decoder-webm-vp8: 9c59270c3fd7afecdb556c50c9e8de78 -> 
  custom:audio-decoder-ogg-vorbis: bf7c407c2cedff20999df2af8eb42d56 -> 
========================================================================
Received Import Request.
  Time since last request: 207.402701 seconds.
  path: Assets/VOiD1 Gaming - Pixel Cars/Pixel Cars/Beetle.png
  artifactKey: Guid(1adea44eddc43f140b9d2fe15dc4b6e4) Importer(815301076,1909f56bfc062723c751e8b465ee728b)
Start importing Assets/VOiD1 Gaming - Pixel Cars/Pixel Cars/Beetle.png using Guid(1adea44eddc43f140b9d2fe15dc4b6e4) Importer(815301076,1909f56bfc062723c751e8b465ee728b)  -> (artifact id: '88bb8bf066261a0315b9818351c32503') in 0.138717 seconds 
========================================================================
Received Import Request.
  Time since last request: 0.000065 seconds.
  path: Assets/VOiD1 Gaming - Pixel Cars/Pixel Cars/Convertible close.png
  artifactKey: Guid(5cd3bf8dd47e4dc4a9d5ed9392195953) Importer(815301076,1909f56bfc062723c751e8b465ee728b)
Start importing Assets/VOiD1 Gaming - Pixel Cars/Pixel Cars/Convertible close.png using Guid(5cd3bf8dd47e4dc4a9d5ed9392195953) Importer(815301076,1909f56bfc062723c751e8b465ee728b)  -> (artifact id: '4334367675227c1e200b43fc6c25111b') in 0.032582 seconds 
========================================================================
Received Import Request.
  Time since last request: 0.000103 seconds.
  path: Assets/VOiD1 Gaming - Pixel Cars/Pixel Cars/Small Pickup Van.png
  artifactKey: Guid(fa02e318d5c4d474d8e404b20ff06e8e) Importer(815301076,1909f56bfc062723c751e8b465ee728b)
Start importing Assets/VOiD1 Gaming - Pixel Cars/Pixel Cars/Small Pickup Van.png using Guid(fa02e318d5c4d474d8e404b20ff06e8e) Importer(815301076,1909f56bfc062723c751e8b465ee728b)  -> (artifact id: '211656c11f8f436cae2389e358844ee9') in 0.031829 seconds 
========================================================================
Received Import Request.
  Time since last request: 0.000051 seconds.
  path: Assets/VOiD1 Gaming - Pixel Cars/Pixel Cars/Large Pickup van.png
  artifactKey: Guid(d047ea82b39ef64408a0bea3d576ab2f) Importer(815301076,1909f56bfc062723c751e8b465ee728b)
Start importing Assets/VOiD1 Gaming - Pixel Cars/Pixel Cars/Large Pickup van.png using Guid(d047ea82b39ef64408a0bea3d576ab2f) Importer(815301076,1909f56bfc062723c751e8b465ee728b)  -> (artifact id: '38554b8fed0e3979083bf7be3a59c491') in 0.037036 seconds 
========================================================================
Received Import Request.
  Time since last request: 0.000047 seconds.
  path: Assets/VOiD1 Gaming - Pixel Cars/Pixel Cars/Ranger.png
  artifactKey: Guid(261a501498e3fc549b605aa66e5fa18d) Importer(815301076,1909f56bfc062723c751e8b465ee728b)
Start importing Assets/VOiD1 Gaming - Pixel Cars/Pixel Cars/Ranger.png using Guid(261a501498e3fc549b605aa66e5fa18d) Importer(815301076,1909f56bfc062723c751e8b465ee728b)  -> (artifact id: '9d70662ee53bc88324676229cf315e9b') in 0.030391 seconds 
========================================================================
Received Import Request.
  Time since last request: 0.000066 seconds.
  path: Assets/VOiD1 Gaming - Pixel Cars/Pixel Cars/Racing Car.png
  artifactKey: Guid(64f9d23b08b0cb7418b03462a4b0d39c) Importer(815301076,1909f56bfc062723c751e8b465ee728b)
Start importing Assets/VOiD1 Gaming - Pixel Cars/Pixel Cars/Racing Car.png using Guid(64f9d23b08b0cb7418b03462a4b0d39c) Importer(815301076,1909f56bfc062723c751e8b465ee728b)  -> (artifact id: 'b03c19cb2df8254f82ba8ebc55a2ad81') in 0.030229 seconds 
========================================================================
Received Import Request.
  Time since last request: 0.000078 seconds.
  path: Assets/VOiD1 Gaming - Pixel Cars/Pixel Cars/Jeep Close.png
  artifactKey: Guid(b2bc6f31e56269947a1ee8a25ac53e7a) Importer(815301076,1909f56bfc062723c751e8b465ee728b)
Start importing Assets/VOiD1 Gaming - Pixel Cars/Pixel Cars/Jeep Close.png using Guid(b2bc6f31e56269947a1ee8a25ac53e7a) Importer(815301076,1909f56bfc062723c751e8b465ee728b)  -> (artifact id: '54a070d5c68901bec6cfd7800dcf003d') in 0.028854 seconds 
========================================================================
Received Import Request.
  Time since last request: 0.000057 seconds.
  path: Assets/VOiD1 Gaming - Pixel Cars/Pixel Cars/Van.png
  artifactKey: Guid(5433450725995b24ba1208ffac4594bf) Importer(815301076,1909f56bfc062723c751e8b465ee728b)
Start importing Assets/VOiD1 Gaming - Pixel Cars/Pixel Cars/Van.png using Guid(5433450725995b24ba1208ffac4594bf) Importer(815301076,1909f56bfc062723c751e8b465ee728b)  -> (artifact id: 'f425540781c2fcc533a9cd1fcc2ecdb6') in 0.028095 seconds 
========================================================================
Received Import Request.
  Time since last request: 15.339952 seconds.
  path: Assets/VOiD1 Gaming - Pixel Cars/Pixel Cars/Beetle.png
  artifactKey: Guid(1adea44eddc43f140b9d2fe15dc4b6e4) Importer(815301076,1909f56bfc062723c751e8b465ee728b)
Start importing Assets/VOiD1 Gaming - Pixel Cars/Pixel Cars/Beetle.png using Guid(1adea44eddc43f140b9d2fe15dc4b6e4) Importer(815301076,1909f56bfc062723c751e8b465ee728b)  -> (artifact id: '42881f00b1f8d7622bc827717d0c0605') in 0.034380 seconds 
========================================================================
Received Import Request.
  Time since last request: 0.000071 seconds.
  path: Assets/VOiD1 Gaming - Pixel Cars/Pixel Cars/Convertible close.png
  artifactKey: Guid(5cd3bf8dd47e4dc4a9d5ed9392195953) Importer(815301076,1909f56bfc062723c751e8b465ee728b)
Start importing Assets/VOiD1 Gaming - Pixel Cars/Pixel Cars/Convertible close.png using Guid(5cd3bf8dd47e4dc4a9d5ed9392195953) Importer(815301076,1909f56bfc062723c751e8b465ee728b)  -> (artifact id: 'e7e47090eb23f4eada6a2b42d779851c') in 0.030248 seconds 
========================================================================
Received Import Request.
  Time since last request: 0.000124 seconds.
  path: Assets/VOiD1 Gaming - Pixel Cars/Pixel Cars/Small Pickup Van.png
  artifactKey: Guid(fa02e318d5c4d474d8e404b20ff06e8e) Importer(815301076,1909f56bfc062723c751e8b465ee728b)
Start importing Assets/VOiD1 Gaming - Pixel Cars/Pixel Cars/Small Pickup Van.png using Guid(fa02e318d5c4d474d8e404b20ff06e8e) Importer(815301076,1909f56bfc062723c751e8b465ee728b)  -> (artifact id: 'e2135c5816ec61d4223e702edcc76a57') in 0.029854 seconds 
========================================================================
Received Import Request.
  Time since last request: 0.000053 seconds.
  path: Assets/VOiD1 Gaming - Pixel Cars/Pixel Cars/Convertible open.png
  artifactKey: Guid(a0c0698fc807b3944bda8dd9c23a6e4f) Importer(815301076,1909f56bfc062723c751e8b465ee728b)
Start importing Assets/VOiD1 Gaming - Pixel Cars/Pixel Cars/Convertible open.png using Guid(a0c0698fc807b3944bda8dd9c23a6e4f) Importer(815301076,1909f56bfc062723c751e8b465ee728b)  -> (artifact id: '619d87f4ff92f4fbe3f556118533f8d4') in 0.032454 seconds 
========================================================================
Received Import Request.
  Time since last request: 0.000135 seconds.
  path: Assets/VOiD1 Gaming - Pixel Cars/Pixel Cars/Low Rider Close.png
  artifactKey: Guid(886ca4ce71c1b524db85514120d032b2) Importer(815301076,1909f56bfc062723c751e8b465ee728b)
Start importing Assets/VOiD1 Gaming - Pixel Cars/Pixel Cars/Low Rider Close.png using Guid(886ca4ce71c1b524db85514120d032b2) Importer(815301076,1909f56bfc062723c751e8b465ee728b)  -> (artifact id: '966389bc054dc442feb6aa875bad17e4') in 0.025836 seconds 
========================================================================
Received Import Request.
  Time since last request: 0.000064 seconds.
  path: Assets/VOiD1 Gaming - Pixel Cars/Pixel Cars/Low Rider Open.png
  artifactKey: Guid(04d673b04dcbaf64d96680dfb3637f9a) Importer(815301076,1909f56bfc062723c751e8b465ee728b)
Start importing Assets/VOiD1 Gaming - Pixel Cars/Pixel Cars/Low Rider Open.png using Guid(04d673b04dcbaf64d96680dfb3637f9a) Importer(815301076,1909f56bfc062723c751e8b465ee728b)  -> (artifact id: '385dd8c8fb1e3516bd0e57b1da469585') in 0.022635 seconds 
========================================================================
Received Import Request.
  Time since last request: 0.000061 seconds.
  path: Assets/VOiD1 Gaming - Pixel Cars/Pixel Cars/Jeep Close.png
  artifactKey: Guid(b2bc6f31e56269947a1ee8a25ac53e7a) Importer(815301076,1909f56bfc062723c751e8b465ee728b)
Start importing Assets/VOiD1 Gaming - Pixel Cars/Pixel Cars/Jeep Close.png using Guid(b2bc6f31e56269947a1ee8a25ac53e7a) Importer(815301076,1909f56bfc062723c751e8b465ee728b)  -> (artifact id: '150e44dc891f3b1e340383ae8110fa9c') in 0.027556 seconds 
========================================================================
Received Import Request.
  Time since last request: 0.000053 seconds.
  path: Assets/VOiD1 Gaming - Pixel Cars/Pixel Cars/Van.png
  artifactKey: Guid(5433450725995b24ba1208ffac4594bf) Importer(815301076,1909f56bfc062723c751e8b465ee728b)
Start importing Assets/VOiD1 Gaming - Pixel Cars/Pixel Cars/Van.png using Guid(5433450725995b24ba1208ffac4594bf) Importer(815301076,1909f56bfc062723c751e8b465ee728b)  -> (artifact id: '265e95c773393fa76d1c9d448aea9ca4') in 0.028591 seconds 
========================================================================
Received Import Request.
  Time since last request: 13.527279 seconds.
  path: Assets/VOiD1 Gaming - Pixel Cars/Pixel Cars/Beetle.png
  artifactKey: Guid(1adea44eddc43f140b9d2fe15dc4b6e4) Importer(815301076,1909f56bfc062723c751e8b465ee728b)
Start importing Assets/VOiD1 Gaming - Pixel Cars/Pixel Cars/Beetle.png using Guid(1adea44eddc43f140b9d2fe15dc4b6e4) Importer(815301076,1909f56bfc062723c751e8b465ee728b)  -> (artifact id: '6fca470dee521b590614f1865d93759e') in 0.021597 seconds 
========================================================================
Received Import Request.
  Time since last request: 0.000078 seconds.
  path: Assets/VOiD1 Gaming - Pixel Cars/Pixel Cars/Convertible close.png
  artifactKey: Guid(5cd3bf8dd47e4dc4a9d5ed9392195953) Importer(815301076,1909f56bfc062723c751e8b465ee728b)
Start importing Assets/VOiD1 Gaming - Pixel Cars/Pixel Cars/Convertible close.png using Guid(5cd3bf8dd47e4dc4a9d5ed9392195953) Importer(815301076,1909f56bfc062723c751e8b465ee728b)  -> (artifact id: 'b50fe5cd81e95e3e542f24de8a191e01') in 0.022115 seconds 
========================================================================
Received Import Request.
  Time since last request: 0.000073 seconds.
  path: Assets/VOiD1 Gaming - Pixel Cars/Pixel Cars/Classic.png
  artifactKey: Guid(30dff9215ed374c42bc5284c870ac976) Importer(815301076,1909f56bfc062723c751e8b465ee728b)
Start importing Assets/VOiD1 Gaming - Pixel Cars/Pixel Cars/Classic.png using Guid(30dff9215ed374c42bc5284c870ac976) Importer(815301076,1909f56bfc062723c751e8b465ee728b)  -> (artifact id: 'cad0ff3b988314251e603fd0ba2cf339') in 0.023245 seconds 
========================================================================
Received Import Request.
  Time since last request: 0.000067 seconds.
  path: Assets/VOiD1 Gaming - Pixel Cars/Pixel Cars/Convertible open.png
  artifactKey: Guid(a0c0698fc807b3944bda8dd9c23a6e4f) Importer(815301076,1909f56bfc062723c751e8b465ee728b)
Start importing Assets/VOiD1 Gaming - Pixel Cars/Pixel Cars/Convertible open.png using Guid(a0c0698fc807b3944bda8dd9c23a6e4f) Importer(815301076,1909f56bfc062723c751e8b465ee728b)  -> (artifact id: 'aa1fcf27675b27c0f06e2be60551409a') in 0.023930 seconds 
========================================================================
Received Import Request.
  Time since last request: 0.000063 seconds.
  path: Assets/VOiD1 Gaming - Pixel Cars/Pixel Cars/Low Rider Close.png
  artifactKey: Guid(886ca4ce71c1b524db85514120d032b2) Importer(815301076,1909f56bfc062723c751e8b465ee728b)
Start importing Assets/VOiD1 Gaming - Pixel Cars/Pixel Cars/Low Rider Close.png using Guid(886ca4ce71c1b524db85514120d032b2) Importer(815301076,1909f56bfc062723c751e8b465ee728b)  -> (artifact id: '88507f2ab55f641d5fd4564468f0f6ef') in 0.023299 seconds 
========================================================================
Received Import Request.
  Time since last request: 0.000051 seconds.
  path: Assets/VOiD1 Gaming - Pixel Cars/Pixel Cars/Low Rider Open.png
  artifactKey: Guid(04d673b04dcbaf64d96680dfb3637f9a) Importer(815301076,1909f56bfc062723c751e8b465ee728b)
Start importing Assets/VOiD1 Gaming - Pixel Cars/Pixel Cars/Low Rider Open.png using Guid(04d673b04dcbaf64d96680dfb3637f9a) Importer(815301076,1909f56bfc062723c751e8b465ee728b)  -> (artifact id: '81b91c9386ef688c64ef2eda3e218b9f') in 0.023255 seconds 
========================================================================
Received Import Request.
  Time since last request: 0.000066 seconds.
  path: Assets/VOiD1 Gaming - Pixel Cars/Pixel Cars/Jeep.png
  artifactKey: Guid(9bef39ef8e6fd4d42bccf103609af17e) Importer(815301076,1909f56bfc062723c751e8b465ee728b)
Start importing Assets/VOiD1 Gaming - Pixel Cars/Pixel Cars/Jeep.png using Guid(9bef39ef8e6fd4d42bccf103609af17e) Importer(815301076,1909f56bfc062723c751e8b465ee728b)  -> (artifact id: '1c64ce9d661e40f70e9df10f26811ad9') in 0.020747 seconds 
========================================================================
Received Import Request.
  Time since last request: 63.795503 seconds.
  path: Assets/VOiD1 Gaming - Pixel Cars/Pixel Cars/Beetle.png
  artifactKey: Guid(1adea44eddc43f140b9d2fe15dc4b6e4) Importer(815301076,1909f56bfc062723c751e8b465ee728b)
Start importing Assets/VOiD1 Gaming - Pixel Cars/Pixel Cars/Beetle.png using Guid(1adea44eddc43f140b9d2fe15dc4b6e4) Importer(815301076,1909f56bfc062723c751e8b465ee728b)  -> (artifact id: 'd2adcff31948cbd2b394db3271f71092') in 0.019887 seconds 
========================================================================
Received Import Request.
  Time since last request: 64.073010 seconds.
  path: Assets/VOiD1 Gaming - Pixel Cars/Pixel Cars/Small Pickup Van.png
  artifactKey: Guid(fa02e318d5c4d474d8e404b20ff06e8e) Importer(815301076,1909f56bfc062723c751e8b465ee728b)
Start importing Assets/VOiD1 Gaming - Pixel Cars/Pixel Cars/Small Pickup Van.png using Guid(fa02e318d5c4d474d8e404b20ff06e8e) Importer(815301076,1909f56bfc062723c751e8b465ee728b)  -> (artifact id: 'feb8599ea6fd8c7cc965d908ec81e812') in 0.036450 seconds 
========================================================================
Received Import Request.
  Time since last request: 71.975521 seconds.
  path: Assets/VOiD1 Gaming - Pixel Cars/Pixel Cars/Beetle.png
  artifactKey: Guid(1adea44eddc43f140b9d2fe15dc4b6e4) Importer(815301076,1909f56bfc062723c751e8b465ee728b)
Start importing Assets/VOiD1 Gaming - Pixel Cars/Pixel Cars/Beetle.png using Guid(1adea44eddc43f140b9d2fe15dc4b6e4) Importer(815301076,1909f56bfc062723c751e8b465ee728b)  -> (artifact id: '4893e9c2f92787fb7559208351b26889') in 0.038581 seconds 
========================================================================
Received Import Request.
  Time since last request: 0.000060 seconds.
  path: Assets/VOiD1 Gaming - Pixel Cars/Pixel Cars/Convertible close.png
  artifactKey: Guid(5cd3bf8dd47e4dc4a9d5ed9392195953) Importer(815301076,1909f56bfc062723c751e8b465ee728b)
Start importing Assets/VOiD1 Gaming - Pixel Cars/Pixel Cars/Convertible close.png using Guid(5cd3bf8dd47e4dc4a9d5ed9392195953) Importer(815301076,1909f56bfc062723c751e8b465ee728b)  -> (artifact id: '9e92fb4b6af9c1ea7d0ba898533b366c') in 0.038008 seconds 
========================================================================
Received Import Request.
  Time since last request: 0.000079 seconds.
  path: Assets/VOiD1 Gaming - Pixel Cars/Pixel Cars/Classic.png
  artifactKey: Guid(30dff9215ed374c42bc5284c870ac976) Importer(815301076,1909f56bfc062723c751e8b465ee728b)
Start importing Assets/VOiD1 Gaming - Pixel Cars/Pixel Cars/Classic.png using Guid(30dff9215ed374c42bc5284c870ac976) Importer(815301076,1909f56bfc062723c751e8b465ee728b)  -> (artifact id: '059382e5d073bdeebd1d6e2e5d13044e') in 0.034174 seconds 
========================================================================
Received Import Request.
  Time since last request: 0.000052 seconds.
  path: Assets/VOiD1 Gaming - Pixel Cars/Pixel Cars/Convertible open.png
  artifactKey: Guid(a0c0698fc807b3944bda8dd9c23a6e4f) Importer(815301076,1909f56bfc062723c751e8b465ee728b)
Start importing Assets/VOiD1 Gaming - Pixel Cars/Pixel Cars/Convertible open.png using Guid(a0c0698fc807b3944bda8dd9c23a6e4f) Importer(815301076,1909f56bfc062723c751e8b465ee728b)  -> (artifact id: '80ed8b133d74875d7080cfe153308c90') in 0.036269 seconds 
========================================================================
Received Import Request.
  Time since last request: 0.000119 seconds.
  path: Assets/VOiD1 Gaming - Pixel Cars/Pixel Cars/Low Rider Close.png
  artifactKey: Guid(886ca4ce71c1b524db85514120d032b2) Importer(815301076,1909f56bfc062723c751e8b465ee728b)
Start importing Assets/VOiD1 Gaming - Pixel Cars/Pixel Cars/Low Rider Close.png using Guid(886ca4ce71c1b524db85514120d032b2) Importer(815301076,1909f56bfc062723c751e8b465ee728b)  -> (artifact id: '506c709caaf393eccdf7a62c004950a4') in 0.037319 seconds 
========================================================================
Received Import Request.
  Time since last request: 0.000067 seconds.
  path: Assets/VOiD1 Gaming - Pixel Cars/Pixel Cars/Low Rider Open.png
  artifactKey: Guid(04d673b04dcbaf64d96680dfb3637f9a) Importer(815301076,1909f56bfc062723c751e8b465ee728b)
Start importing Assets/VOiD1 Gaming - Pixel Cars/Pixel Cars/Low Rider Open.png using Guid(04d673b04dcbaf64d96680dfb3637f9a) Importer(815301076,1909f56bfc062723c751e8b465ee728b)  -> (artifact id: '2dd0544d2649fd50fed3548f4bf701d6') in 0.038662 seconds 
========================================================================
Received Import Request.
  Time since last request: 0.000064 seconds.
  path: Assets/VOiD1 Gaming - Pixel Cars/Pixel Cars/Jeep.png
  artifactKey: Guid(9bef39ef8e6fd4d42bccf103609af17e) Importer(815301076,1909f56bfc062723c751e8b465ee728b)
Start importing Assets/VOiD1 Gaming - Pixel Cars/Pixel Cars/Jeep.png using Guid(9bef39ef8e6fd4d42bccf103609af17e) Importer(815301076,1909f56bfc062723c751e8b465ee728b)  -> (artifact id: '988e44d546cbe7a643878ba3351187af') in 0.035356 seconds 
========================================================================
Received Import Request.
  Time since last request: 14.922684 seconds.
  path: Assets/VOiD1 Gaming - Pixel Cars/Pixel Cars/Beetle.png
  artifactKey: Guid(1adea44eddc43f140b9d2fe15dc4b6e4) Importer(815301076,1909f56bfc062723c751e8b465ee728b)
Start importing Assets/VOiD1 Gaming - Pixel Cars/Pixel Cars/Beetle.png using Guid(1adea44eddc43f140b9d2fe15dc4b6e4) Importer(815301076,1909f56bfc062723c751e8b465ee728b)  -> (artifact id: '3fbb58b0145dd04d886e71c704256a8c') in 0.024791 seconds 
========================================================================
Received Import Request.
  Time since last request: 111.647935 seconds.
  path: Assets/VOiD1 Gaming - Pixel Cars/Pixel Cars/Beetle.png
  artifactKey: Guid(1adea44eddc43f140b9d2fe15dc4b6e4) Importer(815301076,1909f56bfc062723c751e8b465ee728b)
Start importing Assets/VOiD1 Gaming - Pixel Cars/Pixel Cars/Beetle.png using Guid(1adea44eddc43f140b9d2fe15dc4b6e4) Importer(815301076,1909f56bfc062723c751e8b465ee728b)  -> (artifact id: '7b8a8a62dd47f6ee543004c76c62f8a0') in 0.031410 seconds 
========================================================================
Received Import Request.
  Time since last request: 34.641129 seconds.
  path: Assets/VOiD1 Gaming - Pixel Cars/Pixel Cars/Beetle.png
  artifactKey: Guid(1adea44eddc43f140b9d2fe15dc4b6e4) Importer(815301076,1909f56bfc062723c751e8b465ee728b)
Start importing Assets/VOiD1 Gaming - Pixel Cars/Pixel Cars/Beetle.png using Guid(1adea44eddc43f140b9d2fe15dc4b6e4) Importer(815301076,1909f56bfc062723c751e8b465ee728b)  -> (artifact id: '51b8477d3b4c9d27b6cab1e8d264466f') in 0.027303 seconds 
========================================================================
Received Import Request.
  Time since last request: 2.381870 seconds.
  path: Assets/VOiD1 Gaming - Pixel Cars/Pixel Cars/Caravan.png
  artifactKey: Guid(d77a2e37ccf1d3548b6948458a3f0ef6) Importer(815301076,1909f56bfc062723c751e8b465ee728b)
Start importing Assets/VOiD1 Gaming - Pixel Cars/Pixel Cars/Caravan.png using Guid(d77a2e37ccf1d3548b6948458a3f0ef6) Importer(815301076,1909f56bfc062723c751e8b465ee728b)  -> (artifact id: '7773d751089f137dc285faa6d657832e') in 0.031705 seconds 
========================================================================
Received Import Request.
  Time since last request: 0.000050 seconds.
  path: Assets/VOiD1 Gaming - Pixel Cars/Pixel Cars/Convertible close.png
  artifactKey: Guid(5cd3bf8dd47e4dc4a9d5ed9392195953) Importer(815301076,1909f56bfc062723c751e8b465ee728b)
Start importing Assets/VOiD1 Gaming - Pixel Cars/Pixel Cars/Convertible close.png using Guid(5cd3bf8dd47e4dc4a9d5ed9392195953) Importer(815301076,1909f56bfc062723c751e8b465ee728b)  -> (artifact id: '3a89a601cc65e3e0abef34960ce1c05e') in 0.034874 seconds 
========================================================================
Received Import Request.
  Time since last request: 0.000069 seconds.
  path: Assets/VOiD1 Gaming - Pixel Cars/Pixel Cars/Small Pickup Van.png
  artifactKey: Guid(fa02e318d5c4d474d8e404b20ff06e8e) Importer(815301076,1909f56bfc062723c751e8b465ee728b)
Start importing Assets/VOiD1 Gaming - Pixel Cars/Pixel Cars/Small Pickup Van.png using Guid(fa02e318d5c4d474d8e404b20ff06e8e) Importer(815301076,1909f56bfc062723c751e8b465ee728b)  -> (artifact id: 'f13d2bdd5c3e5ed2b04da6d3b6b9b049') in 0.052186 seconds 
========================================================================
Received Import Request.
  Time since last request: 0.000070 seconds.
  path: Assets/VOiD1 Gaming - Pixel Cars/Pixel Cars/Convertible open.png
  artifactKey: Guid(a0c0698fc807b3944bda8dd9c23a6e4f) Importer(815301076,1909f56bfc062723c751e8b465ee728b)
Start importing Assets/VOiD1 Gaming - Pixel Cars/Pixel Cars/Convertible open.png using Guid(a0c0698fc807b3944bda8dd9c23a6e4f) Importer(815301076,1909f56bfc062723c751e8b465ee728b)  -> (artifact id: '0da60a1019753a14e8dc7ddf10ba5a0c') in 0.037230 seconds 
========================================================================
Received Import Request.
  Time since last request: 0.000051 seconds.
  path: Assets/VOiD1 Gaming - Pixel Cars/Pixel Cars/Low Rider Close.png
  artifactKey: Guid(886ca4ce71c1b524db85514120d032b2) Importer(815301076,1909f56bfc062723c751e8b465ee728b)
Start importing Assets/VOiD1 Gaming - Pixel Cars/Pixel Cars/Low Rider Close.png using Guid(886ca4ce71c1b524db85514120d032b2) Importer(815301076,1909f56bfc062723c751e8b465ee728b)  -> (artifact id: '25133937983c2a89453940c74867d3f9') in 0.037066 seconds 
========================================================================
Received Import Request.
  Time since last request: 0.000082 seconds.
  path: Assets/VOiD1 Gaming - Pixel Cars/Pixel Cars/Low Rider Open.png
  artifactKey: Guid(04d673b04dcbaf64d96680dfb3637f9a) Importer(815301076,1909f56bfc062723c751e8b465ee728b)
Start importing Assets/VOiD1 Gaming - Pixel Cars/Pixel Cars/Low Rider Open.png using Guid(04d673b04dcbaf64d96680dfb3637f9a) Importer(815301076,1909f56bfc062723c751e8b465ee728b)  -> (artifact id: '26dd96b15d1afeb19adfa77afe94e624') in 0.037195 seconds 
========================================================================
Received Import Request.
  Time since last request: 0.000048 seconds.
  path: Assets/VOiD1 Gaming - Pixel Cars/Pixel Cars/Jeep.png
  artifactKey: Guid(9bef39ef8e6fd4d42bccf103609af17e) Importer(815301076,1909f56bfc062723c751e8b465ee728b)
Start importing Assets/VOiD1 Gaming - Pixel Cars/Pixel Cars/Jeep.png using Guid(9bef39ef8e6fd4d42bccf103609af17e) Importer(815301076,1909f56bfc062723c751e8b465ee728b)  -> (artifact id: '51e2eef67eab88a1246756e64491151c') in 0.038941 seconds 
========================================================================
Received Import Request.
  Time since last request: 56.872248 seconds.
  path: Assets/VOiD1 Gaming - Pixel Cars/Pixel Cars/Beetle.png
  artifactKey: Guid(1adea44eddc43f140b9d2fe15dc4b6e4) Importer(815301076,1909f56bfc062723c751e8b465ee728b)
Start importing Assets/VOiD1 Gaming - Pixel Cars/Pixel Cars/Beetle.png using Guid(1adea44eddc43f140b9d2fe15dc4b6e4) Importer(815301076,1909f56bfc062723c751e8b465ee728b)  -> (artifact id: 'db39f718a9060b589d8b6e222a9d9c87') in 0.029117 seconds 
========================================================================
Received Import Request.
  Time since last request: 48.992519 seconds.
  path: Assets/VOiD1 Gaming - Pixel Cars/Graphics Assets
  artifactKey: Guid(82a1bf4b75312534195613a680d0fa12) Importer(815301076,1909f56bfc062723c751e8b465ee728b)
Start importing Assets/VOiD1 Gaming - Pixel Cars/Graphics Assets using Guid(82a1bf4b75312534195613a680d0fa12) Importer(815301076,1909f56bfc062723c751e8b465ee728b)  -> (artifact id: '706428eb1793883b5effa35b8afb2d21') in 0.015050 seconds 
========================================================================
Received Import Request.
  Time since last request: 0.856134 seconds.
  path: Assets/VOiD1 Gaming - Pixel Cars/Graphics Assets/Pixel Cars 16X9 Samples.png
  artifactKey: Guid(b1d0df5aa48fd654993a4b2821de537f) Importer(815301076,1909f56bfc062723c751e8b465ee728b)
Start importing Assets/VOiD1 Gaming - Pixel Cars/Graphics Assets/Pixel Cars 16X9 Samples.png using Guid(b1d0df5aa48fd654993a4b2821de537f) Importer(815301076,1909f56bfc062723c751e8b465ee728b)  -> (artifact id: 'b258f93221f71388280f9649281f9414') in 0.253768 seconds 
========================================================================
Received Import Request.
  Time since last request: 0.000068 seconds.
  path: Assets/VOiD1 Gaming - Pixel Cars/Graphics Assets/Pixel Cars BG 16X9.png
  artifactKey: Guid(7daeb9f347f1a544e9234a7bbc995454) Importer(815301076,1909f56bfc062723c751e8b465ee728b)
Start importing Assets/VOiD1 Gaming - Pixel Cars/Graphics Assets/Pixel Cars BG 16X9.png using Guid(7daeb9f347f1a544e9234a7bbc995454) Importer(815301076,1909f56bfc062723c751e8b465ee728b)  -> (artifact id: '1f79c85bd139cf4faa3ffb75d0509d01') in 0.223610 seconds 
========================================================================
Received Import Request.
  Time since last request: 31.728819 seconds.
  path: Assets/VOiD1 Gaming - Pixel Cars/Pixel Cars/Beetle.png
  artifactKey: Guid(1adea44eddc43f140b9d2fe15dc4b6e4) Importer(815301076,1909f56bfc062723c751e8b465ee728b)
Start importing Assets/VOiD1 Gaming - Pixel Cars/Pixel Cars/Beetle.png using Guid(1adea44eddc43f140b9d2fe15dc4b6e4) Importer(815301076,1909f56bfc062723c751e8b465ee728b)  -> (artifact id: 'cf9138a645718ca501fb72f249d6877a') in 0.029430 seconds 
========================================================================
Received Import Request.
  Time since last request: 23.776101 seconds.
  path: Assets/VOiD1 Gaming - Pixel Cars/Pixel Cars/Beetle.png
  artifactKey: Guid(1adea44eddc43f140b9d2fe15dc4b6e4) Importer(815301076,1909f56bfc062723c751e8b465ee728b)
Start importing Assets/VOiD1 Gaming - Pixel Cars/Pixel Cars/Beetle.png using Guid(1adea44eddc43f140b9d2fe15dc4b6e4) Importer(815301076,1909f56bfc062723c751e8b465ee728b)  -> (artifact id: 'c20c8d27156dc0be25d472807260b474') in 0.032935 seconds 
========================================================================
Received Import Request.
  Time since last request: 11.383049 seconds.
  path: Assets/VOiD1 Gaming - Pixel Cars/Pixel Cars/Beetle.png
  artifactKey: Guid(1adea44eddc43f140b9d2fe15dc4b6e4) Importer(815301076,1909f56bfc062723c751e8b465ee728b)
Start importing Assets/VOiD1 Gaming - Pixel Cars/Pixel Cars/Beetle.png using Guid(1adea44eddc43f140b9d2fe15dc4b6e4) Importer(815301076,1909f56bfc062723c751e8b465ee728b)  -> (artifact id: '0ea4d9c76130e9b2d7be81501b7f34ac') in 0.018591 seconds 
========================================================================
Received Import Request.
  Time since last request: 16.430584 seconds.
  path: Assets/VOiD1 Gaming - Pixel Cars/Pixel Cars/Beetle.png
  artifactKey: Guid(1adea44eddc43f140b9d2fe15dc4b6e4) Importer(815301076,1909f56bfc062723c751e8b465ee728b)
Start importing Assets/VOiD1 Gaming - Pixel Cars/Pixel Cars/Beetle.png using Guid(1adea44eddc43f140b9d2fe15dc4b6e4) Importer(815301076,1909f56bfc062723c751e8b465ee728b)  -> (artifact id: '10bdbc2ce92ef62e570dc797cd03b04d') in 0.030273 seconds 
========================================================================
Received Import Request.
  Time since last request: 31.656373 seconds.
  path: Assets/VOiD1 Gaming - Pixel Cars/Scenes
  artifactKey: Guid(46c01042c24b1a545834f61115153ed3) Importer(815301076,1909f56bfc062723c751e8b465ee728b)
Start importing Assets/VOiD1 Gaming - Pixel Cars/Scenes using Guid(46c01042c24b1a545834f61115153ed3) Importer(815301076,1909f56bfc062723c751e8b465ee728b)  -> (artifact id: '8ca10803c5947d21bb372a9db202a22d') in 0.016203 seconds 
========================================================================
Received Import Request.
  Time since last request: 316.152562 seconds.
  path: Assets/VOiD1 Gaming - Pixel Cars/Pixel Cars/Caravan.png
  artifactKey: Guid(d77a2e37ccf1d3548b6948458a3f0ef6) Importer(815301076,1909f56bfc062723c751e8b465ee728b)
Start importing Assets/VOiD1 Gaming - Pixel Cars/Pixel Cars/Caravan.png using Guid(d77a2e37ccf1d3548b6948458a3f0ef6) Importer(815301076,1909f56bfc062723c751e8b465ee728b)  -> (artifact id: 'e184804e31cacefdd3722359faffafe0') in 0.025178 seconds 
========================================================================
Received Import Request.
  Time since last request: 5.033311 seconds.
  path: Assets/VOiD1 Gaming - Pixel Cars/Pixel Cars/Caravan.png
  artifactKey: Guid(d77a2e37ccf1d3548b6948458a3f0ef6) Importer(815301076,1909f56bfc062723c751e8b465ee728b)
Start importing Assets/VOiD1 Gaming - Pixel Cars/Pixel Cars/Caravan.png using Guid(d77a2e37ccf1d3548b6948458a3f0ef6) Importer(815301076,1909f56bfc062723c751e8b465ee728b)  -> (artifact id: 'c4c52fae077d82d402d1549c93c7876c') in 0.031621 seconds 
========================================================================
Received Import Request.
  Time since last request: 26.793519 seconds.
  path: Assets
  artifactKey: Guid(00000000000000001000000000000000) Importer(815301076,1909f56bfc062723c751e8b465ee728b)
Start importing Assets using Guid(00000000000000001000000000000000) Importer(815301076,1909f56bfc062723c751e8b465ee728b)  -> (artifact id: '79842766b460edbeab6a34051e857a80') in 0.015661 seconds 
========================================================================
Received Import Request.
  Time since last request: 21.523339 seconds.
  path: Assets/Prefabs
  artifactKey: Guid(2b4896dd37f7d35488efb29edc020645) Importer(815301076,1909f56bfc062723c751e8b465ee728b)
Start importing Assets/Prefabs using Guid(2b4896dd37f7d35488efb29edc020645) Importer(815301076,1909f56bfc062723c751e8b465ee728b)  -> (artifact id: '9755e982fce4cce8813be87b2caa16de') in 0.013827 seconds 
========================================================================
Received Import Request.
  Time since last request: 2.940182 seconds.
  path: Assets/Prefabs/Beetle.prefab
  artifactKey: Guid(fde787b0369f71d42ae4fae78ca802ed) Importer(815301076,1909f56bfc062723c751e8b465ee728b)
Start importing Assets/Prefabs/Beetle.prefab using Guid(fde787b0369f71d42ae4fae78ca802ed) Importer(815301076,1909f56bfc062723c751e8b465ee728b)  -> (artifact id: 'ead2306b5cf1ddc4d2c0bebaaa58a0ee') in 0.103943 seconds 
========================================================================
Received Prepare
Registering precompiled user dll's ...
Registered in 0.028165 seconds.
Begin MonoManager ReloadAssembly
Symbol file LoadedFromMemory doesn't match image C:\Users\Bristol Culture\Documents\Github Repos\My Car Configurator\Library\PackageCache\com.unity.visualscripting@1.7.8\Editor\VisualScripting.Core\Dependencies\YamlDotNet\Unity.VisualScripting.YamlDotNet.dll
Symbol file LoadedFromMemory doesn't match image C:\Users\Bristol Culture\Documents\Github Repos\My Car Configurator\Library\PackageCache\com.unity.visualscripting@1.7.8\Editor\VisualScripting.Core\Dependencies\DotNetZip\Unity.VisualScripting.IonicZip.dll
Native extension for WindowsStandalone target not found
Native extension for WebGL target not found
Refreshing native plugins compatible for Editor in 1.72 ms, found 4 plugins.
Preloading 0 native plugins for Editor in 0.00 ms.
Mono: successfully reloaded assembly
- Completed reload, in  3.404 seconds
Domain Reload Profiling:
	ReloadAssembly (3407ms)
		BeginReloadAssembly (706ms)
			ExecutionOrderSort (0ms)
			DisableScriptedObjects (51ms)
			BackupInstance (0ms)
			ReleaseScriptingObjects (0ms)
			CreateAndSetChildDomain (311ms)
		EndReloadAssembly (2356ms)
			LoadAssemblies (331ms)
			RebuildTransferFunctionScriptingTraits (0ms)
			SetupTypeCache (728ms)
			ReleaseScriptCaches (4ms)
			RebuildScriptCaches (125ms)
			SetupLoadedEditorAssemblies (1033ms)
				LogAssemblyErrors (0ms)
				InitializePlatformSupportModulesInManaged (40ms)
				SetLoadedEditorAssemblies (2ms)
				RefreshPlugins (2ms)
				BeforeProcessingInitializeOnLoad (227ms)
				ProcessInitializeOnLoadAttributes (631ms)
				ProcessInitializeOnLoadMethodAttributes (107ms)
				AfterProcessingInitializeOnLoad (24ms)
				EditorAssembliesLoaded (0ms)
			ExecutionOrderSort2 (0ms)
			AwakeInstancesAfterBackupRestoration (25ms)
Platform modules already initialized, skipping
Refreshing native plugins compatible for Editor in 6.85 ms, found 4 plugins.
Preloading 0 native plugins for Editor in 0.00 ms.
Unloading 4065 Unused Serialized files (Serialized files now loaded: 0)
Unloading 31 unused Assets / (189.8 KB). Loaded Objects now: 4546.
Memory consumption went from 155.8 MB to 155.6 MB.
Total: 7.934100 ms (FindLiveObjects: 0.508700 ms CreateObjectMapping: 0.407000 ms MarkObjects: 6.721500 ms  DeleteObjects: 0.294700 ms)

AssetImportParameters requested are different than current active one (requested -> active):
  custom:video-decoder-ogg-theora: a1e56fd34408186e4bbccfd4996cb3dc -> 
  custom:container-muxer-webm: aa71ff27fc2769a1b78a27578f13a17b -> 
  custom:container-demuxer-webm: 4f35f7cbe854078d1ac9338744f61a02 -> 
  custom:video-encoder-webm-vp8: eb34c28f22e8b96e1ab97ce403110664 -> 
  custom:audio-encoder-webm-vorbis: bf7c407c2cedff20999df2af8eb42d56 -> 
  custom:framework-win-MediaFoundation: 216162199b28c13a410421893ffa2e32 -> 
  custom:container-demuxer-ogg: 62fdf1f143b41e24485cea50d1cbac27 -> 
  custom:video-decoder-webm-vp8: 9c59270c3fd7afecdb556c50c9e8de78 -> 
  custom:audio-decoder-ogg-vorbis: bf7c407c2cedff20999df2af8eb42d56 -> 
========================================================================
Received Import Request.
  Time since last request: 1419.464014 seconds.
  path: Assets/2D_urban_cars
  artifactKey: Guid(88325e1f68cd74653b4915e20930e617) Importer(815301076,1909f56bfc062723c751e8b465ee728b)
Start importing Assets/2D_urban_cars using Guid(88325e1f68cd74653b4915e20930e617) Importer(815301076,1909f56bfc062723c751e8b465ee728b)  -> (artifact id: '9e0cc065addbe960e29fe45a11afd6b4') in 0.028987 seconds 
========================================================================
Received Import Request.
  Time since last request: 3.039584 seconds.
  path: Assets/2D_urban_cars/prefabs
  artifactKey: Guid(f07b268e8a8134544a2e36dde001e423) Importer(815301076,1909f56bfc062723c751e8b465ee728b)
Start importing Assets/2D_urban_cars/prefabs using Guid(f07b268e8a8134544a2e36dde001e423) Importer(815301076,1909f56bfc062723c751e8b465ee728b)  -> (artifact id: 'b047c4d84cdfa316a09dbfc175e0107f') in 0.013737 seconds 
========================================================================
Received Import Request.
  Time since last request: 0.146076 seconds.
  path: Assets/2D_urban_cars/prefabs/4x4_blue.prefab
  artifactKey: Guid(332e0e9fe16bf4567ae4083692f4fcbd) Importer(815301076,1909f56bfc062723c751e8b465ee728b)
Start importing Assets/2D_urban_cars/prefabs/4x4_blue.prefab using Guid(332e0e9fe16bf4567ae4083692f4fcbd) Importer(815301076,1909f56bfc062723c751e8b465ee728b)  -> (artifact id: '28b7cef79cb16d0ee9ef9978e25a58cb') in 0.157983 seconds 
========================================================================
Received Import Request.
  Time since last request: 0.000047 seconds.
  path: Assets/2D_urban_cars/prefabs/touringcar_white.prefab
  artifactKey: Guid(16e3767e137ac4d72a3c4b489e555f9b) Importer(815301076,1909f56bfc062723c751e8b465ee728b)
Start importing Assets/2D_urban_cars/prefabs/touringcar_white.prefab using Guid(16e3767e137ac4d72a3c4b489e555f9b) Importer(815301076,1909f56bfc062723c751e8b465ee728b)  -> (artifact id: '9273c4704b2461816498b96c0f2775ba') in 0.048666 seconds 
========================================================================
Received Import Request.
  Time since last request: 0.000099 seconds.
  path: Assets/2D_urban_cars/prefabs/4x4_white.prefab
  artifactKey: Guid(15f754372833a4ce8be9c962ee0bb874) Importer(815301076,1909f56bfc062723c751e8b465ee728b)
Start importing Assets/2D_urban_cars/prefabs/4x4_white.prefab using Guid(15f754372833a4ce8be9c962ee0bb874) Importer(815301076,1909f56bfc062723c751e8b465ee728b)  -> (artifact id: '9a51c917ec862c15ad41345d13bc114b') in 0.051015 seconds 
========================================================================
Received Import Request.
  Time since last request: 0.000039 seconds.
  path: Assets/2D_urban_cars/prefabs/touringcar_dark.prefab
  artifactKey: Guid(553f3d7d25fcb410e90399baccc8e68a) Importer(815301076,1909f56bfc062723c751e8b465ee728b)
Start importing Assets/2D_urban_cars/prefabs/touringcar_dark.prefab using Guid(553f3d7d25fcb410e90399baccc8e68a) Importer(815301076,1909f56bfc062723c751e8b465ee728b)  -> (artifact id: '037e2b24ba8dec3e5c304564dfec0b6b') in 0.045216 seconds 
========================================================================
Received Import Request.
  Time since last request: 0.000051 seconds.
  path: Assets/2D_urban_cars/prefabs/cabrio_blue.prefab
  artifactKey: Guid(b236f43bbde914f6ebb0efe064ef7b64) Importer(815301076,1909f56bfc062723c751e8b465ee728b)
Start importing Assets/2D_urban_cars/prefabs/cabrio_blue.prefab using Guid(b236f43bbde914f6ebb0efe064ef7b64) Importer(815301076,1909f56bfc062723c751e8b465ee728b)  -> (artifact id: '8f10ff43e9b2d3499e6c3dbea571f593') in 0.046322 seconds 
========================================================================
Received Import Request.
  Time since last request: 0.000040 seconds.
  path: Assets/2D_urban_cars/prefabs/cabrio_yellow.prefab
  artifactKey: Guid(95eeca97506be49969684235abb8c909) Importer(815301076,1909f56bfc062723c751e8b465ee728b)
Start importing Assets/2D_urban_cars/prefabs/cabrio_yellow.prefab using Guid(95eeca97506be49969684235abb8c909) Importer(815301076,1909f56bfc062723c751e8b465ee728b)  -> (artifact id: '0372923d1ff9c46488dc74db832f2ad2') in 0.045905 seconds 
========================================================================
Received Import Request.
  Time since last request: 0.000051 seconds.
  path: Assets/2D_urban_cars/prefabs/pickup_white.prefab
  artifactKey: Guid(d143f2894cc274b7c916d7463b18b39e) Importer(815301076,1909f56bfc062723c751e8b465ee728b)
Start importing Assets/2D_urban_cars/prefabs/pickup_white.prefab using Guid(d143f2894cc274b7c916d7463b18b39e) Importer(815301076,1909f56bfc062723c751e8b465ee728b)  -> (artifact id: '819b424cd75be871bf973504483d37bd') in 0.048184 seconds 
========================================================================
Received Import Request.
  Time since last request: 0.000060 seconds.
  path: Assets/2D_urban_cars/prefabs/pickup_red.prefab
  artifactKey: Guid(d52d0272c3cf24d2ca85e80069fb4656) Importer(815301076,1909f56bfc062723c751e8b465ee728b)
Start importing Assets/2D_urban_cars/prefabs/pickup_red.prefab using Guid(d52d0272c3cf24d2ca85e80069fb4656) Importer(815301076,1909f56bfc062723c751e8b465ee728b)  -> (artifact id: '8caf2c31d97db34af3ceff0fe4c46c87') in 0.045604 seconds 
========================================================================
Received Import Request.
  Time since last request: 11.975094 seconds.
  path: Assets/2D_urban_cars/scripts
  artifactKey: Guid(b96f95981294a4b4fa905bbd2efbf9bf) Importer(815301076,1909f56bfc062723c751e8b465ee728b)
Start importing Assets/2D_urban_cars/scripts using Guid(b96f95981294a4b4fa905bbd2efbf9bf) Importer(815301076,1909f56bfc062723c751e8b465ee728b)  -> (artifact id: 'e9deeeb817ab93819d560779308eec33') in 0.014280 seconds 
========================================================================
Received Import Request.
  Time since last request: 9.286432 seconds.
  path: Assets/2D_urban_cars/sprites
  artifactKey: Guid(2e042eb120b814f859a45eb74b47945c) Importer(815301076,1909f56bfc062723c751e8b465ee728b)
Start importing Assets/2D_urban_cars/sprites using Guid(2e042eb120b814f859a45eb74b47945c) Importer(815301076,1909f56bfc062723c751e8b465ee728b)  -> (artifact id: '8c7070b7c0f765b33fa49caebd52946a') in 0.014774 seconds 
========================================================================
Received Import Request.
  Time since last request: 1.908985 seconds.
  path: Assets/2D_urban_cars/scripts/SceneLoaderBehaviour.cs
  artifactKey: Guid(35532d51b01134a328cb48bb085f7963) Importer(815301076,1909f56bfc062723c751e8b465ee728b)
Start importing Assets/2D_urban_cars/scripts/SceneLoaderBehaviour.cs using Guid(35532d51b01134a328cb48bb085f7963) Importer(815301076,1909f56bfc062723c751e8b465ee728b)  -> (artifact id: '554b37ad0fe5ca0bbc4e335e54c72546') in 0.026512 seconds 
========================================================================
Received Import Request.
  Time since last request: 4.717771 seconds.
  path: Assets/2D_urban_cars/scripts/SplashBehaviour.cs
  artifactKey: Guid(ebd106734319843a291de5ef28e83acd) Importer(815301076,1909f56bfc062723c751e8b465ee728b)
Start importing Assets/2D_urban_cars/scripts/SplashBehaviour.cs using Guid(ebd106734319843a291de5ef28e83acd) Importer(815301076,1909f56bfc062723c751e8b465ee728b)  -> (artifact id: 'ac9361dca7f80f4003d3f4770d9a2599') in 0.013581 seconds 
========================================================================
Received Import Request.
  Time since last request: 45.564015 seconds.
  path: Assets/Prefabs/4x4_blue.prefab
  artifactKey: Guid(7d2d29f1ac412204fb9307ed4f5192be) Importer(815301076,1909f56bfc062723c751e8b465ee728b)
Start importing Assets/Prefabs/4x4_blue.prefab using Guid(7d2d29f1ac412204fb9307ed4f5192be) Importer(815301076,1909f56bfc062723c751e8b465ee728b)  -> (artifact id: '3bc0ee6fca4cbbc2d661098439b053fb') in 0.033753 seconds 
========================================================================
Received Import Request.
  Time since last request: 0.000039 seconds.
  path: Assets/Prefabs/minicar_yellow.prefab
  artifactKey: Guid(d55677935d5d1dc4595029d3a73b6661) Importer(815301076,1909f56bfc062723c751e8b465ee728b)
Start importing Assets/Prefabs/minicar_yellow.prefab using Guid(d55677935d5d1dc4595029d3a73b6661) Importer(815301076,1909f56bfc062723c751e8b465ee728b)  -> (artifact id: '6cb3c2a4dc15355b9724af7b8ceaa9a6') in 0.026359 seconds 
========================================================================
Received Import Request.
  Time since last request: 0.000039 seconds.
  path: Assets/Prefabs/cabrio_yellow.prefab
  artifactKey: Guid(383ac66702b19014b8353f2b52650bd8) Importer(815301076,1909f56bfc062723c751e8b465ee728b)
Start importing Assets/Prefabs/cabrio_yellow.prefab using Guid(383ac66702b19014b8353f2b52650bd8) Importer(815301076,1909f56bfc062723c751e8b465ee728b)  -> (artifact id: '0515503f0213f8e37fba3911aedb8fb9') in 0.033016 seconds 
========================================================================
Received Import Request.
  Time since last request: 0.000056 seconds.
  path: Assets/Prefabs/pickup_red.prefab
  artifactKey: Guid(3621c935c51b80d44a8f4e0922e68e64) Importer(815301076,1909f56bfc062723c751e8b465ee728b)
Start importing Assets/Prefabs/pickup_red.prefab using Guid(3621c935c51b80d44a8f4e0922e68e64) Importer(815301076,1909f56bfc062723c751e8b465ee728b)  -> (artifact id: 'a931da5700773be2d8f9604489d6ba02') in 0.031326 seconds 
========================================================================
Received Import Request.
  Time since last request: 0.000054 seconds.
  path: Assets/Prefabs/minicar_black.prefab
  artifactKey: Guid(caf318c3d0041bd40900273c02a94996) Importer(815301076,1909f56bfc062723c751e8b465ee728b)
Start importing Assets/Prefabs/minicar_black.prefab using Guid(caf318c3d0041bd40900273c02a94996) Importer(815301076,1909f56bfc062723c751e8b465ee728b)  -> (artifact id: '584b4135de7a27ffd591ea948a585221') in 0.033212 seconds 
========================================================================
Received Import Request.
  Time since last request: 0.000066 seconds.
  path: Assets/Prefabs/cabrio_red.prefab
  artifactKey: Guid(069f7e878946edf4b8caf972c940f988) Importer(815301076,1909f56bfc062723c751e8b465ee728b)
Start importing Assets/Prefabs/cabrio_red.prefab using Guid(069f7e878946edf4b8caf972c940f988) Importer(815301076,1909f56bfc062723c751e8b465ee728b)  -> (artifact id: 'ec0bca70d5314416e25f6e10d0d8263a') in 0.030619 seconds 
========================================================================
Received Import Request.
  Time since last request: 0.000036 seconds.
  path: Assets/Prefabs/pickup_white.prefab
  artifactKey: Guid(9e00cbc3689ca0e43a7562da496bdfdd) Importer(815301076,1909f56bfc062723c751e8b465ee728b)
Start importing Assets/Prefabs/pickup_white.prefab using Guid(9e00cbc3689ca0e43a7562da496bdfdd) Importer(815301076,1909f56bfc062723c751e8b465ee728b)  -> (artifact id: '358ed787a204021ea3e86a84b5c02b0a') in 0.048317 seconds 
========================================================================
Received Import Request.
  Time since last request: 0.000045 seconds.
  path: Assets/Prefabs/touringcar_gray.prefab
  artifactKey: Guid(dc6785f2ad22438449df9840ef0be308) Importer(815301076,1909f56bfc062723c751e8b465ee728b)
Start importing Assets/Prefabs/touringcar_gray.prefab using Guid(dc6785f2ad22438449df9840ef0be308) Importer(815301076,1909f56bfc062723c751e8b465ee728b)  -> (artifact id: '542eeb0f932f83aeaa54a63d030dab48') in 0.030731 seconds 
========================================================================
Received Import Request.
  Time since last request: 22.089833 seconds.
  path: Assets/Prefabs/pixel
  artifactKey: Guid(6639eb37d1f3a1f4ca15b8ee5df8ea58) Importer(815301076,1909f56bfc062723c751e8b465ee728b)
Start importing Assets/Prefabs/pixel using Guid(6639eb37d1f3a1f4ca15b8ee5df8ea58) Importer(815301076,1909f56bfc062723c751e8b465ee728b)  -> (artifact id: '964b70046201aa8adef95044c65c831a') in 0.013729 seconds 
========================================================================
Received Import Request.
  Time since last request: 316.414164 seconds.
  path: Assets/2D_urban_cars/sprites/background.png
  artifactKey: Guid(a92a3b3722bf14ee7b0ef095e35f739e) Importer(815301076,1909f56bfc062723c751e8b465ee728b)
Start importing Assets/2D_urban_cars/sprites/background.png using Guid(a92a3b3722bf14ee7b0ef095e35f739e) Importer(815301076,1909f56bfc062723c751e8b465ee728b)  -> (artifact id: '8f31dd835f2ed7706b8b5d7689520db4') in 0.239890 seconds 
========================================================================
Received Prepare
Registering precompiled user dll's ...
Registered in 0.026996 seconds.
Begin MonoManager ReloadAssembly
Symbol file LoadedFromMemory doesn't match image C:\Users\Bristol Culture\Documents\Github Repos\My Car Configurator\Library\PackageCache\com.unity.visualscripting@1.7.8\Editor\VisualScripting.Core\Dependencies\YamlDotNet\Unity.VisualScripting.YamlDotNet.dll
Symbol file LoadedFromMemory doesn't match image C:\Users\Bristol Culture\Documents\Github Repos\My Car Configurator\Library\PackageCache\com.unity.visualscripting@1.7.8\Editor\VisualScripting.Core\Dependencies\DotNetZip\Unity.VisualScripting.IonicZip.dll
Native extension for WindowsStandalone target not found
Native extension for WebGL target not found
Refreshing native plugins compatible for Editor in 1.79 ms, found 4 plugins.
Preloading 0 native plugins for Editor in 0.00 ms.
Mono: successfully reloaded assembly
- Completed reload, in  3.587 seconds
Domain Reload Profiling:
	ReloadAssembly (3589ms)
		BeginReloadAssembly (430ms)
			ExecutionOrderSort (0ms)
			DisableScriptedObjects (23ms)
			BackupInstance (0ms)
			ReleaseScriptingObjects (0ms)
			CreateAndSetChildDomain (185ms)
		EndReloadAssembly (2819ms)
			LoadAssemblies (265ms)
			RebuildTransferFunctionScriptingTraits (0ms)
			SetupTypeCache (909ms)
			ReleaseScriptCaches (3ms)
			RebuildScriptCaches (163ms)
			SetupLoadedEditorAssemblies (1271ms)
				LogAssemblyErrors (0ms)
				InitializePlatformSupportModulesInManaged (51ms)
				SetLoadedEditorAssemblies (1ms)
				RefreshPlugins (2ms)
				BeforeProcessingInitializeOnLoad (305ms)
				ProcessInitializeOnLoadAttributes (749ms)
				ProcessInitializeOnLoadMethodAttributes (131ms)
				AfterProcessingInitializeOnLoad (32ms)
				EditorAssembliesLoaded (1ms)
			ExecutionOrderSort2 (0ms)
			AwakeInstancesAfterBackupRestoration (31ms)
Platform modules already initialized, skipping
Refreshing native plugins compatible for Editor in 6.39 ms, found 4 plugins.
Preloading 0 native plugins for Editor in 0.00 ms.
Unloading 4065 Unused Serialized files (Serialized files now loaded: 0)
Unloading 31 unused Assets / (189.9 KB). Loaded Objects now: 4552.
Memory consumption went from 155.9 MB to 155.7 MB.
Total: 6.613200 ms (FindLiveObjects: 0.479900 ms CreateObjectMapping: 0.388300 ms MarkObjects: 5.456400 ms  DeleteObjects: 0.286600 ms)

AssetImportParameters requested are different than current active one (requested -> active):
  custom:video-decoder-ogg-theora: a1e56fd34408186e4bbccfd4996cb3dc -> 
  custom:container-muxer-webm: aa71ff27fc2769a1b78a27578f13a17b -> 
  custom:container-demuxer-webm: 4f35f7cbe854078d1ac9338744f61a02 -> 
  custom:video-encoder-webm-vp8: eb34c28f22e8b96e1ab97ce403110664 -> 
  custom:audio-encoder-webm-vorbis: bf7c407c2cedff20999df2af8eb42d56 -> 
  custom:framework-win-MediaFoundation: 216162199b28c13a410421893ffa2e32 -> 
  custom:container-demuxer-ogg: 62fdf1f143b41e24485cea50d1cbac27 -> 
  custom:video-decoder-webm-vp8: 9c59270c3fd7afecdb556c50c9e8de78 -> 
  custom:audio-decoder-ogg-vorbis: bf7c407c2cedff20999df2af8eb42d56 -> 
========================================================================
Received Prepare
Registering precompiled user dll's ...
Registered in 0.025293 seconds.
Begin MonoManager ReloadAssembly
Symbol file LoadedFromMemory doesn't match image C:\Users\Bristol Culture\Documents\Github Repos\My Car Configurator\Library\PackageCache\com.unity.visualscripting@1.7.8\Editor\VisualScripting.Core\Dependencies\YamlDotNet\Unity.VisualScripting.YamlDotNet.dll
Symbol file LoadedFromMemory doesn't match image C:\Users\Bristol Culture\Documents\Github Repos\My Car Configurator\Library\PackageCache\com.unity.visualscripting@1.7.8\Editor\VisualScripting.Core\Dependencies\DotNetZip\Unity.VisualScripting.IonicZip.dll
Native extension for WindowsStandalone target not found
Native extension for WebGL target not found
Refreshing native plugins compatible for Editor in 1.48 ms, found 4 plugins.
Preloading 0 native plugins for Editor in 0.00 ms.
Mono: successfully reloaded assembly
- Completed reload, in  2.958 seconds
Domain Reload Profiling:
	ReloadAssembly (2960ms)
		BeginReloadAssembly (349ms)
			ExecutionOrderSort (0ms)
			DisableScriptedObjects (19ms)
			BackupInstance (0ms)
			ReleaseScriptingObjects (0ms)
			CreateAndSetChildDomain (95ms)
		EndReloadAssembly (2310ms)
			LoadAssemblies (244ms)
			RebuildTransferFunctionScriptingTraits (0ms)
			SetupTypeCache (689ms)
			ReleaseScriptCaches (3ms)
			RebuildScriptCaches (122ms)
			SetupLoadedEditorAssemblies (1144ms)
				LogAssemblyErrors (0ms)
				InitializePlatformSupportModulesInManaged (43ms)
				SetLoadedEditorAssemblies (1ms)
				RefreshPlugins (2ms)
				BeforeProcessingInitializeOnLoad (282ms)
				ProcessInitializeOnLoadAttributes (666ms)
				ProcessInitializeOnLoadMethodAttributes (118ms)
				AfterProcessingInitializeOnLoad (31ms)
				EditorAssembliesLoaded (0ms)
			ExecutionOrderSort2 (0ms)
			AwakeInstancesAfterBackupRestoration (23ms)
Platform modules already initialized, skipping
Refreshing native plugins compatible for Editor in 6.45 ms, found 4 plugins.
Preloading 0 native plugins for Editor in 0.00 ms.
Unloading 4112 Unused Serialized files (Serialized files now loaded: 0)
Unloading 44 unused Assets / (0.8 MB). Loaded Objects now: 4589.
Memory consumption went from 158.9 MB to 158.1 MB.
Total: 8.030800 ms (FindLiveObjects: 0.584200 ms CreateObjectMapping: 0.434300 ms MarkObjects: 6.065200 ms  DeleteObjects: 0.944800 ms)

AssetImportParameters requested are different than current active one (requested -> active):
  custom:video-decoder-ogg-theora: a1e56fd34408186e4bbccfd4996cb3dc -> 
  custom:container-muxer-webm: aa71ff27fc2769a1b78a27578f13a17b -> 
  custom:container-demuxer-webm: 4f35f7cbe854078d1ac9338744f61a02 -> 
  custom:video-encoder-webm-vp8: eb34c28f22e8b96e1ab97ce403110664 -> 
  custom:audio-encoder-webm-vorbis: bf7c407c2cedff20999df2af8eb42d56 -> 
  custom:framework-win-MediaFoundation: 216162199b28c13a410421893ffa2e32 -> 
  custom:container-demuxer-ogg: 62fdf1f143b41e24485cea50d1cbac27 -> 
  custom:video-decoder-webm-vp8: 9c59270c3fd7afecdb556c50c9e8de78 -> 
  custom:audio-decoder-ogg-vorbis: bf7c407c2cedff20999df2af8eb42d56 -> 
========================================================================
Received Prepare
Registering precompiled user dll's ...
Registered in 0.023234 seconds.
Begin MonoManager ReloadAssembly
Symbol file LoadedFromMemory doesn't match image C:\Users\Bristol Culture\Documents\Github Repos\My Car Configurator\Library\PackageCache\com.unity.visualscripting@1.7.8\Editor\VisualScripting.Core\Dependencies\YamlDotNet\Unity.VisualScripting.YamlDotNet.dll
Symbol file LoadedFromMemory doesn't match image C:\Users\Bristol Culture\Documents\Github Repos\My Car Configurator\Library\PackageCache\com.unity.visualscripting@1.7.8\Editor\VisualScripting.Core\Dependencies\DotNetZip\Unity.VisualScripting.IonicZip.dll
Native extension for WindowsStandalone target not found
Native extension for WebGL target not found
Refreshing native plugins compatible for Editor in 1.69 ms, found 4 plugins.
Preloading 0 native plugins for Editor in 0.00 ms.
Mono: successfully reloaded assembly
- Completed reload, in  3.762 seconds
Domain Reload Profiling:
	ReloadAssembly (3764ms)
		BeginReloadAssembly (404ms)
			ExecutionOrderSort (0ms)
			DisableScriptedObjects (28ms)
			BackupInstance (0ms)
			ReleaseScriptingObjects (0ms)
			CreateAndSetChildDomain (92ms)
		EndReloadAssembly (2989ms)
			LoadAssemblies (335ms)
			RebuildTransferFunctionScriptingTraits (0ms)
			SetupTypeCache (930ms)
			ReleaseScriptCaches (3ms)
			RebuildScriptCaches (187ms)
			SetupLoadedEditorAssemblies (1351ms)
				LogAssemblyErrors (0ms)
				InitializePlatformSupportModulesInManaged (55ms)
				SetLoadedEditorAssemblies (2ms)
				RefreshPlugins (2ms)
				BeforeProcessingInitializeOnLoad (299ms)
				ProcessInitializeOnLoadAttributes (787ms)
				ProcessInitializeOnLoadMethodAttributes (167ms)
				AfterProcessingInitializeOnLoad (37ms)
				EditorAssembliesLoaded (1ms)
			ExecutionOrderSort2 (0ms)
			AwakeInstancesAfterBackupRestoration (42ms)
Platform modules already initialized, skipping
Refreshing native plugins compatible for Editor in 8.47 ms, found 4 plugins.
Preloading 0 native plugins for Editor in 0.00 ms.
Unloading 4112 Unused Serialized files (Serialized files now loaded: 0)
Unloading 44 unused Assets / (0.8 MB). Loaded Objects now: 4592.
Memory consumption went from 158.9 MB to 158.1 MB.
Total: 11.956100 ms (FindLiveObjects: 0.779800 ms CreateObjectMapping: 1.021000 ms MarkObjects: 9.292800 ms  DeleteObjects: 0.860400 ms)

AssetImportParameters requested are different than current active one (requested -> active):
  custom:video-decoder-ogg-theora: a1e56fd34408186e4bbccfd4996cb3dc -> 
  custom:container-muxer-webm: aa71ff27fc2769a1b78a27578f13a17b -> 
  custom:container-demuxer-webm: 4f35f7cbe854078d1ac9338744f61a02 -> 
  custom:video-encoder-webm-vp8: eb34c28f22e8b96e1ab97ce403110664 -> 
  custom:audio-encoder-webm-vorbis: bf7c407c2cedff20999df2af8eb42d56 -> 
  custom:framework-win-MediaFoundation: 216162199b28c13a410421893ffa2e32 -> 
  custom:container-demuxer-ogg: 62fdf1f143b41e24485cea50d1cbac27 -> 
  custom:video-decoder-webm-vp8: 9c59270c3fd7afecdb556c50c9e8de78 -> 
  custom:audio-decoder-ogg-vorbis: bf7c407c2cedff20999df2af8eb42d56 -> 
========================================================================
Received Prepare
Registering precompiled user dll's ...
Registered in 0.023971 seconds.
Begin MonoManager ReloadAssembly
Symbol file LoadedFromMemory doesn't match image C:\Users\Bristol Culture\Documents\Github Repos\My Car Configurator\Library\PackageCache\com.unity.visualscripting@1.7.8\Editor\VisualScripting.Core\Dependencies\YamlDotNet\Unity.VisualScripting.YamlDotNet.dll
Symbol file LoadedFromMemory doesn't match image C:\Users\Bristol Culture\Documents\Github Repos\My Car Configurator\Library\PackageCache\com.unity.visualscripting@1.7.8\Editor\VisualScripting.Core\Dependencies\DotNetZip\Unity.VisualScripting.IonicZip.dll
Native extension for WindowsStandalone target not found
Native extension for WebGL target not found
Refreshing native plugins compatible for Editor in 1.78 ms, found 4 plugins.
Preloading 0 native plugins for Editor in 0.00 ms.
Mono: successfully reloaded assembly
- Completed reload, in  3.631 seconds
Domain Reload Profiling:
	ReloadAssembly (3633ms)
		BeginReloadAssembly (356ms)
			ExecutionOrderSort (0ms)
			DisableScriptedObjects (20ms)
			BackupInstance (0ms)
			ReleaseScriptingObjects (0ms)
			CreateAndSetChildDomain (83ms)
		EndReloadAssembly (2879ms)
			LoadAssemblies (295ms)
			RebuildTransferFunctionScriptingTraits (0ms)
			SetupTypeCache (863ms)
			ReleaseScriptCaches (3ms)
			RebuildScriptCaches (163ms)
			SetupLoadedEditorAssemblies (1354ms)
				LogAssemblyErrors (0ms)
				InitializePlatformSupportModulesInManaged (53ms)
				SetLoadedEditorAssemblies (2ms)
				RefreshPlugins (2ms)
				BeforeProcessingInitializeOnLoad (329ms)
				ProcessInitializeOnLoadAttributes (773ms)
				ProcessInitializeOnLoadMethodAttributes (159ms)
				AfterProcessingInitializeOnLoad (36ms)
				EditorAssembliesLoaded (1ms)
			ExecutionOrderSort2 (0ms)
			AwakeInstancesAfterBackupRestoration (30ms)
Platform modules already initialized, skipping
Refreshing native plugins compatible for Editor in 9.25 ms, found 4 plugins.
Preloading 0 native plugins for Editor in 0.00 ms.
Unloading 4112 Unused Serialized files (Serialized files now loaded: 0)
Unloading 44 unused Assets / (0.8 MB). Loaded Objects now: 4595.
Memory consumption went from 158.9 MB to 158.1 MB.
Total: 12.875900 ms (FindLiveObjects: 0.670800 ms CreateObjectMapping: 0.637900 ms MarkObjects: 10.459100 ms  DeleteObjects: 1.104500 ms)

AssetImportParameters requested are different than current active one (requested -> active):
  custom:video-decoder-ogg-theora: a1e56fd34408186e4bbccfd4996cb3dc -> 
  custom:container-muxer-webm: aa71ff27fc2769a1b78a27578f13a17b -> 
  custom:container-demuxer-webm: 4f35f7cbe854078d1ac9338744f61a02 -> 
  custom:video-encoder-webm-vp8: eb34c28f22e8b96e1ab97ce403110664 -> 
  custom:audio-encoder-webm-vorbis: bf7c407c2cedff20999df2af8eb42d56 -> 
  custom:framework-win-MediaFoundation: 216162199b28c13a410421893ffa2e32 -> 
  custom:container-demuxer-ogg: 62fdf1f143b41e24485cea50d1cbac27 -> 
  custom:video-decoder-webm-vp8: 9c59270c3fd7afecdb556c50c9e8de78 -> 
  custom:audio-decoder-ogg-vorbis: bf7c407c2cedff20999df2af8eb42d56 -> 
